[0112/232332.092:ERROR:process_memory_win.cc(73)] ReadMemory at 0x7ff7160b0000 of 64 bytes failed: Запрос ReadProcessMemory или WriteProcessMemory был выполнен только частично. (0x12B)
[0112/232332.342:WARNING:pe_image_reader.cc(340)] could not read dos header from C:\Program Files (x86)\Google\Chrome\Application\chrome.exe
[0112/232332.342:ERROR:process_memory_win.cc(73)] ReadMemory at 0x7ff9777a0000 of 64 bytes failed: Запрос ReadProcessMemory или WriteProcessMemory был выполнен только частично. (0x12B)
[0112/232332.342:WARNING:pe_image_reader.cc(340)] could not read dos header from C:\WINDOWS\SYSTEM32\ntdll.dll
[0112/232332.342:ERROR:process_memory_win.cc(73)] ReadMemory at 0x7ff976370000 of 64 bytes failed: Запрос ReadProcessMemory или WriteProcessMemory был выполнен только частично. (0x12B)
[0112/232332.342:WARNING:pe_image_reader.cc(340)] could not read dos header from C:\WINDOWS\System32\KERNEL32.dll
[0112/232332.342:ERROR:process_memory_win.cc(73)] ReadMemory at 0x7ff975300000 of 64 bytes failed: Запрос ReadProcessMemory или WriteProcessMemory был выполнен только частично. (0x12B)
[0112/232332.342:WARNING:pe_image_reader.cc(340)] could not read dos header from C:\WINDOWS\System32\KERNELBASE.dll
[0112/232332.342:ERROR:process_memory_win.cc(73)] ReadMemory at 0x7ff952110000 of 64 bytes failed: Запрос ReadProcessMemory или WriteProcessMemory был выполнен только частично. (0x12B)
[0112/232332.342:WARNING:pe_image_reader.cc(340)] could not read dos header from C:\Program Files (x86)\Google\Chrome\Application\79.0.3945.117\chrome_elf.dll
[0112/232332.342:ERROR:process_memory_win.cc(73)] ReadMemory at 0x7ff96fa50000 of 64 bytes failed: Запрос ReadProcessMemory или WriteProcessMemory был выполнен только частично. (0x12B)
[0112/232332.342:WARNING:pe_image_reader.cc(340)] could not read dos header from C:\WINDOWS\SYSTEM32\VERSION.dll
[0112/232332.342:ERROR:process_memory_win.cc(73)] ReadMemory at 0x7ff9762d0000 of 64 bytes failed: Запрос ReadProcessMemory или WriteProcessMemory был выполнен только частично. (0x12B)
[0112/232332.342:WARNING:pe_image_reader.cc(340)] could not read dos header from C:\WINDOWS\System32\msvcrt.dll
[0112/232332.342:ERROR:process_memory_win.cc(73)] ReadMemory at 0x7ff975700000 of 64 bytes failed: Запрос ReadProcessMemory или WriteProcessMemory был выполнен только частично. (0x12B)
[0112/232332.342:WARNING:pe_image_reader.cc(340)] could not read dos header from C:\WINDOWS\System32\bcryptPrimitives.dll
[0112/232332.342:ERROR:process_memory_win.cc(73)] ReadMemory at 0x7ff977310000 of 64 bytes failed: Запрос ReadProcessMemory или WriteProcessMemory был выполнен только частично. (0x12B)
[0112/232332.342:WARNING:pe_image_reader.cc(340)] could not read dos header from C:\WINDOWS\System32\ADVAPI32.dll
[0112/232332.342:ERROR:process_memory_win.cc(73)] ReadMemory at 0x7ff976640000 of 64 bytes failed: Запрос ReadProcessMemory или WriteProcessMemory был выполнен только частично. (0x12B)
[0112/232332.342:WARNING:pe_image_reader.cc(340)] could not read dos header from C:\WINDOWS\System32\sechost.dll
[0112/232332.342:ERROR:process_memory_win.cc(73)] ReadMemory at 0x7ff976830000 of 64 bytes failed: Запрос ReadProcessMemory или WriteProcessMemory был выполнен только частично. (0x12B)
[0112/232332.342:WARNING:pe_image_reader.cc(340)] could not read dos header from C:\WINDOWS\System32\RPCRT4.dll
[0112/232332.342:ERROR:process_memory_win.cc(73)] ReadMemory at 0x7ff9764a0000 of 64 bytes failed: Запрос ReadProcessMemory или WriteProcessMemory был выполнен только частично. (0x12B)
[0112/232332.342:WARNING:pe_image_reader.cc(340)] could not read dos header from C:\WINDOWS\System32\user32.dll
[0112/232332.342:ERROR:process_memory_win.cc(73)] ReadMemory at 0x7ff974730000 of 64 bytes failed: Запрос ReadProcessMemory или WriteProcessMemory был выполнен только частично. (0x12B)
[0112/232332.342:WARNING:pe_image_reader.cc(340)] could not read dos header from C:\WINDOWS\System32\win32u.dll
[0112/232332.342:ERROR:process_memory_win.cc(73)] ReadMemory at 0x7ff9759d0000 of 64 bytes failed: Запрос ReadProcessMemory или WriteProcessMemory был выполнен только частично. (0x12B)
[0112/232332.342:WARNING:pe_image_reader.cc(340)] could not read dos header from C:\WINDOWS\System32\GDI32.dll
[0112/232332.342:ERROR:process_memory_win.cc(73)] ReadMemory at 0x7ff974fb0000 of 64 bytes failed: Запрос ReadProcessMemory или WriteProcessMemory был выполнен только частично. (0x12B)
[0112/232332.342:WARNING:pe_image_reader.cc(340)] could not read dos header from C:\WINDOWS\System32\gdi32full.dll
[0112/232332.342:ERROR:process_memory_win.cc(73)] ReadMemory at 0x7ff974ee0000 of 64 bytes failed: Запрос ReadProcessMemory или WriteProcessMemory был выполнен только частично. (0x12B)
[0112/232332.342:WARNING:pe_image_reader.cc(340)] could not read dos header from C:\WINDOWS\System32\msvcp_win.dll
[0112/232332.342:ERROR:process_memory_win.cc(73)] ReadMemory at 0x7ff975150000 of 64 bytes failed: Запрос ReadProcessMemory или WriteProcessMemory был выполнен только частично. (0x12B)
[0112/232332.342:WARNING:pe_image_reader.cc(340)] could not read dos header from C:\WINDOWS\System32\ucrtbase.dll
[0112/232332.342:ERROR:process_memory_win.cc(73)] ReadMemory at 0x7ff976a20000 of 64 bytes failed: Запрос ReadProcessMemory или WriteProcessMemory был выполнен только частично. (0x12B)
[0112/232332.342:WARNING:pe_image_reader.cc(340)] could not read dos header from C:\WINDOWS\System32\IMM32.DLL
[0112/232332.342:ERROR:process_memory_win.cc(73)] ReadMemory at 0x7ff922bf0000 of 64 bytes failed: Запрос ReadProcessMemory или WriteProcessMemory был выполнен только частично. (0x12B)
[0112/232332.342:WARNING:pe_image_reader.cc(340)] could not read dos header from C:\Program Files (x86)\Google\Chrome\Application\79.0.3945.117\chrome_child.dll
[0112/232332.342:ERROR:process_memory_win.cc(73)] ReadMemory at 0x7ff975bc0000 of 64 bytes failed: Запрос ReadProcessMemory или WriteProcessMemory был выполнен только частично. (0x12B)
[0112/232332.342:WARNING:pe_image_reader.cc(340)] could not read dos header from C:\WINDOWS\System32\OLEAUT32.dll
[0112/232332.342:ERROR:process_memory_win.cc(73)] ReadMemory at 0x7ff977420000 of 64 bytes failed: Запрос ReadProcessMemory или WriteProcessMemory был выполнен только частично. (0x12B)
[0112/232332.342:WARNING:pe_image_reader.cc(340)] could not read dos header from C:\WINDOWS\System32\combase.dll
[0112/232332.342:ERROR:process_memory_win.cc(73)] ReadMemory at 0x19bad060000 of 64 bytes failed: Запрос ReadProcessMemory или WriteProcessMemory был выполнен только частично. (0x12B)
[0112/232332.342:WARNING:pe_image_reader.cc(340)] could not read dos header from C:\WINDOWS\System32\WS2_32.dll
[0112/232332.342:ERROR:process_memory_win.cc(73)] ReadMemory at 0x7ff975780000 of 64 bytes failed: Запрос ReadProcessMemory или WriteProcessMemory был выполнен только частично. (0x12B)
[0112/232332.342:WARNING:pe_image_reader.cc(340)] could not read dos header from C:\WINDOWS\System32\WINTRUST.dll
[0112/232332.342:ERROR:process_memory_win.cc(73)] ReadMemory at 0x7ff974710000 of 64 bytes failed: Запрос ReadProcessMemory или WriteProcessMemory был выполнен только частично. (0x12B)
[0112/232332.342:WARNING:pe_image_reader.cc(340)] could not read dos header from C:\WINDOWS\System32\MSASN1.dll
[0112/232332.358:ERROR:process_memory_win.cc(73)] ReadMemory at 0x7ff9755b0000 of 64 bytes failed: Запрос ReadProcessMemory или WriteProcessMemory был выполнен только частично. (0x12B)
[0112/232332.358:WARNING:pe_image_reader.cc(340)] could not read dos header from C:\WINDOWS\System32\CRYPT32.dll
[0112/232332.358:ERROR:process_memory_win.cc(73)] ReadMemory at 0x7ff973bf0000 of 64 bytes failed: Запрос ReadProcessMemory или WriteProcessMemory был выполнен только частично. (0x12B)
[0112/232332.358:WARNING:pe_image_reader.cc(340)] could not read dos header from C:\WINDOWS\SYSTEM32\IPHLPAPI.DLL
[0112/232332.358:ERROR:process_memory_win.cc(73)] ReadMemory at 0x7ff9717c0000 of 64 bytes failed: Запрос ReadProcessMemory или WriteProcessMemory был выполнен только частично. (0x12B)
[0112/232332.358:WARNING:pe_image_reader.cc(340)] could not read dos header from C:\WINDOWS\SYSTEM32\WINMM.dll
[0112/232332.358:ERROR:process_memory_win.cc(73)] ReadMemory at 0x7ff974560000 of 64 bytes failed: Запрос ReadProcessMemory или WriteProcessMemory был выполнен только частично. (0x12B)
[0112/232332.358:WARNING:pe_image_reader.cc(340)] could not read dos header from C:\WINDOWS\SYSTEM32\USERENV.dll
[0112/232332.358:ERROR:process_memory_win.cc(73)] ReadMemory at 0x7ff974680000 of 64 bytes failed: Запрос ReadProcessMemory или WriteProcessMemory был выполнен только частично. (0x12B)
[0112/232332.358:WARNING:pe_image_reader.cc(340)] could not read dos header from C:\WINDOWS\System32\profapi.dll
[0112/232332.358:ERROR:process_memory_win.cc(73)] ReadMemory at 0x7ff9668e0000 of 64 bytes failed: Запрос ReadProcessMemory или WriteProcessMemory был выполнен только частично. (0x12B)
[0112/232332.358:WARNING:pe_image_reader.cc(340)] could not read dos header from C:\WINDOWS\SYSTEM32\DWrite.dll
[0112/232332.358:ERROR:process_memory_win.cc(73)] ReadMemory at 0x7ff96ee80000 of 64 bytes failed: Запрос ReadProcessMemory или WriteProcessMemory был выполнен только частично. (0x12B)
[0112/232332.358:WARNING:pe_image_reader.cc(340)] could not read dos header from C:\WINDOWS\SYSTEM32\WINSPOOL.DRV
[0112/232332.358:ERROR:process_memory_win.cc(73)] ReadMemory at 0x7ff9746f0000 of 64 bytes failed: Запрос ReadProcessMemory или WriteProcessMemory был выполнен только частично. (0x12B)
[0112/232332.358:WARNING:pe_image_reader.cc(340)] could not read dos header from C:\WINDOWS\System32\kernel.appcore.dll
[0112/232332.358:ERROR:process_memory_win.cc(73)] ReadMemory at 0x7ff974f80000 of 64 bytes failed: Запрос ReadProcessMemory или WriteProcessMemory был выполнен только частично. (0x12B)
[0112/232332.358:WARNING:pe_image_reader.cc(340)] could not read dos header from C:\WINDOWS\System32\bcrypt.dll
[0112/232332.358:ERROR:process_memory_win.cc(73)] ReadMemory at 0x7ff973000000 of 64 bytes failed: Запрос ReadProcessMemory или WriteProcessMemory был выполнен только частично. (0x12B)
[0112/232332.358:WARNING:pe_image_reader.cc(340)] could not read dos header from C:\WINDOWS\SYSTEM32\dbghelp.dll
[0112/232332.358:ERROR:process_memory_win.cc(73)] ReadMemory at 0x7ff95bc00000 of 64 bytes failed: Запрос ReadProcessMemory или WriteProcessMemory был выполнен только частично. (0x12B)
[0112/232332.358:WARNING:pe_image_reader.cc(340)] could not read dos header from C:\WINDOWS\SYSTEM32\Secur32.dll
[0112/232332.358:ERROR:process_memory_win.cc(73)] ReadMemory at 0x7ff96d270000 of 64 bytes failed: Запрос ReadProcessMemory или WriteProcessMemory был выполнен только частично. (0x12B)
[0112/232332.358:WARNING:pe_image_reader.cc(340)] could not read dos header from C:\WINDOWS\SYSTEM32\WINHTTP.dll
[0112/232332.358:ERROR:process_memory_win.cc(73)] ReadMemory at 0x7ff96d000000 of 64 bytes failed: Запрос ReadProcessMemory или WriteProcessMemory был выполнен только частично. (0x12B)
[0112/232332.358:WARNING:pe_image_reader.cc(340)] could not read dos header from C:\WINDOWS\SYSTEM32\dhcpcsvc.DLL
[0112/232332.358:ERROR:process_memory_win.cc(73)] ReadMemory at 0x7ff976a50000 of 64 bytes failed: Запрос ReadProcessMemory или WriteProcessMemory был выполнен только частично. (0x12B)
[0112/232332.358:WARNING:pe_image_reader.cc(340)] could not read dos header from C:\WINDOWS\System32\NSI.dll
[0112/232332.358:ERROR:process_memory_win.cc(73)] ReadMemory at 0x7ff970900000 of 64 bytes failed: Запрос ReadProcessMemory или WriteProcessMemory был выполнен только частично. (0x12B)
[0112/232332.358:WARNING:pe_image_reader.cc(340)] could not read dos header from C:\WINDOWS\SYSTEM32\WINMMBASE.dll
[0112/232332.358:ERROR:process_memory_win.cc(73)] ReadMemory at 0x7ff9757e0000 of 64 bytes failed: Запрос ReadProcessMemory или WriteProcessMemory был выполнен только частично. (0x12B)
[0112/232332.358:WARNING:pe_image_reader.cc(340)] could not read dos header from C:\WINDOWS\System32\cfgmgr32.dll
[0112/232332.358:ERROR:process_memory_win.cc(73)] ReadMemory at 0x7ff972aa0000 of 64 bytes failed: Запрос ReadProcessMemory или WriteProcessMemory был выполнен только частично. (0x12B)
[0112/232332.358:WARNING:pe_image_reader.cc(340)] could not read dos header from C:\WINDOWS\SYSTEM32\PROPSYS.dll
[0112/232332.358:ERROR:process_memory_win.cc(73)] ReadMemory at 0x7ff976220000 of 64 bytes failed: Запрос ReadProcessMemory или WriteProcessMemory был выполнен только частично. (0x12B)
[0112/232332.358:WARNING:pe_image_reader.cc(340)] could not read dos header from C:\WINDOWS\System32\shcore.dll
[0112/232332.358:ERROR:process_memory_win.cc(73)] ReadMemory at 0x7ff974590000 of 64 bytes failed: Запрос ReadProcessMemory или WriteProcessMemory был выполнен только частично. (0x12B)
[0112/232332.358:WARNING:pe_image_reader.cc(340)] could not read dos header from C:\WINDOWS\SYSTEM32\SSPICLI.DLL
[0112/232332.358:ERROR:process_memory_win.cc(73)] ReadMemory at 0x7ff975850000 of 64 bytes failed: Запрос ReadProcessMemory или WriteProcessMemory был выполнен только частично. (0x12B)
[0112/232332.358:WARNING:pe_image_reader.cc(340)] could not read dos header from C:\WINDOWS\System32\ole32.dll
[0112/232332.358:ERROR:process_memory_win.cc(73)] ReadMemory at 0x7ff9740b0000 of 64 bytes failed: Запрос ReadProcessMemory или WriteProcessMemory был выполнен только частично. (0x12B)
[0112/232332.358:WARNING:pe_image_reader.cc(340)] could not read dos header from C:\WINDOWS\SYSTEM32\CRYPTBASE.DLL
[0112/232332.358:ERROR:process_memory_win.cc(73)] ReadMemory at 0x7ff973290000 of 64 bytes failed: Запрос ReadProcessMemory или WriteProcessMemory был выполнен только частично. (0x12B)
[0112/232332.358:WARNING:pe_image_reader.cc(340)] could not read dos header from C:\WINDOWS\SYSTEM32\dxgi.dll
[0112/232332.358:ERROR:process_memory_win.cc(73)] ReadMemory at 0x7ff973270000 of 64 bytes failed: Запрос ReadProcessMemory или WriteProcessMemory был выполнен только частично. (0x12B)
[0112/232332.358:WARNING:pe_image_reader.cc(340)] could not read dos header from C:\WINDOWS\SYSTEM32\dxcore.dll
[0112/232332.358:ERROR:process_memory_win.cc(73)] ReadMemory at 0x7ff95f680000 of 64 bytes failed: Запрос ReadProcessMemory или WriteProcessMemory был выполнен только частично. (0x12B)
[0112/232332.358:WARNING:pe_image_reader.cc(340)] could not read dos header from C:\WINDOWS\SYSTEM32\mf.dll
[0112/232332.358:ERROR:process_memory_win.cc(73)] ReadMemory at 0x7ff951b80000 of 64 bytes failed: Запрос ReadProcessMemory или WriteProcessMemory был выполнен только частично. (0x12B)
[0112/232332.358:WARNING:pe_image_reader.cc(340)] could not read dos header from C:\WINDOWS\SYSTEM32\mfplat.dll
[0112/232332.358:ERROR:process_memory_win.cc(73)] ReadMemory at 0x7ff95f140000 of 64 bytes failed: Запрос ReadProcessMemory или WriteProcessMemory был выполнен только частично. (0x12B)
[0112/232332.358:WARNING:pe_image_reader.cc(340)] could not read dos header from C:\WINDOWS\SYSTEM32\RTWorkQ.DLL
[0112/232332.358:ERROR:process_memory_win.cc(73)] ReadMemory at 0x7ff95a220000 of 64 bytes failed: Запрос ReadProcessMemory или WriteProcessMemory был выполнен только частично. (0x12B)
[0112/232332.358:WARNING:pe_image_reader.cc(340)] could not read dos header from C:\WINDOWS\SYSTEM32\msmpeg2vdec.dll
[0112/232332.358:ERROR:process_memory_win.cc(73)] ReadMemory at 0x7ff975830000 of 64 bytes failed: Запрос ReadProcessMemory или WriteProcessMemory был выполнен только частично. (0x12B)
[0112/232332.358:WARNING:pe_image_reader.cc(340)] could not read dos header from C:\WINDOWS\System32\cryptsp.dll
[0112/232332.358:ERROR:process_memory_win.cc(73)] ReadMemory at 0x7ff95b870000 of 64 bytes failed: Запрос ReadProcessMemory или WriteProcessMemory был выполнен только частично. (0x12B)
[0112/232332.358:WARNING:pe_image_reader.cc(340)] could not read dos header from C:\WINDOWS\SYSTEM32\mfperfhelper.dll
[0112/232332.358:ERROR:process_memory_win.cc(73)] ReadMemory at 0x7ff9704e0000 of 64 bytes failed: Запрос ReadProcessMemory или WriteProcessMemory был выполнен только частично. (0x12B)
[0112/232332.358:WARNING:pe_image_reader.cc(340)] could not read dos header from C:\WINDOWS\SYSTEM32\dxva2.dll
[0112/232332.358:ERROR:process_memory_win.cc(73)] ReadMemory at 0x7ff95a0a0000 of 64 bytes failed: Запрос ReadProcessMemory или WriteProcessMemory был выполнен только частично. (0x12B)
[0112/232332.358:WARNING:pe_image_reader.cc(340)] could not read dos header from C:\WINDOWS\SYSTEM32\msvproc.dll
[0112/232332.358:ERROR:process_memory_win.cc(73)] ReadMemory at 0x7ff9746a0000 of 64 bytes failed: Запрос ReadProcessMemory или WriteProcessMemory был выполнен только частично. (0x12B)
[0112/232332.358:WARNING:pe_image_reader.cc(340)] could not read dos header from C:\WINDOWS\System32\powrprof.dll
[0112/232332.358:ERROR:process_memory_win.cc(73)] ReadMemory at 0x7ff974670000 of 64 bytes failed: Запрос ReadProcessMemory или WriteProcessMemory был выполнен только частично. (0x12B)
[0112/232332.358:WARNING:pe_image_reader.cc(340)] could not read dos header from C:\WINDOWS\System32\UMPDC.dll
[0112/232332.358:ERROR:process_memory_win.cc(73)] ReadMemory at 0x7ff96d3c0000 of 64 bytes failed: Запрос ReadProcessMemory или WriteProcessMemory был выполнен только частично. (0x12B)
[0112/232332.358:WARNING:pe_image_reader.cc(340)] could not read dos header from C:\WINDOWS\SYSTEM32\CompPkgSup.DLL
[0112/232332.358:ERROR:process_memory_win.cc(73)] ReadMemory at 0x7ff971180000 of 64 bytes failed: Запрос ReadProcessMemory или WriteProcessMemory был выполнен только частично. (0x12B)
[0112/232332.358:WARNING:pe_image_reader.cc(340)] could not read dos header from C:\WINDOWS\SYSTEM32\D3DCompiler_47.dll
[0112/232332.358:ERROR:process_memory_win.cc(73)] ReadMemory at 0x7ff91fcf0000 of 64 bytes failed: Запрос ReadProcessMemory или WriteProcessMemory был выполнен только частично. (0x12B)
[0112/232332.358:WARNING:pe_image_reader.cc(340)] could not read dos header from C:\Program Files (x86)\Google\Chrome\Application\79.0.3945.117\libglesv2.dll
[0112/232332.358:ERROR:process_memory_win.cc(73)] ReadMemory at 0x7ff975ca0000 of 64 bytes failed: Запрос ReadProcessMemory или WriteProcessMemory был выполнен только частично. (0x12B)
[0112/232332.358:WARNING:pe_image_reader.cc(340)] could not read dos header from C:\WINDOWS\System32\SETUPAPI.dll
[0112/232332.358:ERROR:process_memory_win.cc(73)] ReadMemory at 0x7ff9551a0000 of 64 bytes failed: Запрос ReadProcessMemory или WriteProcessMemory был выполнен только частично. (0x12B)
[0112/232332.358:WARNING:pe_image_reader.cc(340)] could not read dos header from C:\Program Files (x86)\Google\Chrome\Application\79.0.3945.117\libegl.dll
[0112/232332.358:ERROR:process_memory_win.cc(73)] ReadMemory at 0x7ff972510000 of 64 bytes failed: Запрос ReadProcessMemory или WriteProcessMemory был выполнен только частично. (0x12B)
[0112/232332.358:WARNING:pe_image_reader.cc(340)] could not read dos header from C:\WINDOWS\SYSTEM32\dwmapi.dll
[0112/232332.358:ERROR:process_memory_win.cc(73)] ReadMemory at 0x7ff970960000 of 64 bytes failed: Запрос ReadProcessMemory или WriteProcessMemory был выполнен только частично. (0x12B)
[0112/232332.358:WARNING:pe_image_reader.cc(340)] could not read dos header from C:\WINDOWS\SYSTEM32\d3d11.dll
[0112/232332.358:ERROR:process_memory_win.cc(73)] ReadMemory at 0x7ff9715e0000 of 64 bytes failed: Запрос ReadProcessMemory или WriteProcessMemory был выполнен только частично. (0x12B)
[0112/232332.358:WARNING:pe_image_reader.cc(340)] could not read dos header from C:\WINDOWS\SYSTEM32\dcomp.dll
[0112/232332.358:ERROR:process_memory_win.cc(73)] ReadMemory at 0x7ff966ca0000 of 64 bytes failed: Запрос ReadProcessMemory или WriteProcessMemory был выполнен только частично. (0x12B)
[0112/232332.358:WARNING:pe_image_reader.cc(340)] could not read dos header from C:\WINDOWS\System32\DriverStore\FileRepository\iigd_base.inf_amd64_53628d7735a61570\igd10iumd64.dll
[0112/232332.358:ERROR:process_memory_win.cc(73)] ReadMemory at 0x7ff9741b0000 of 64 bytes failed: Запрос ReadProcessMemory или WriteProcessMemory был выполнен только частично. (0x12B)
[0112/232332.358:WARNING:pe_image_reader.cc(340)] could not read dos header from C:\WINDOWS\SYSTEM32\ncrypt.dll
[0112/232332.358:ERROR:process_memory_win.cc(73)] ReadMemory at 0x7ff974170000 of 64 bytes failed: Запрос ReadProcessMemory или WriteProcessMemory был выполнен только частично. (0x12B)
[0112/232332.358:WARNING:pe_image_reader.cc(340)] could not read dos header from C:\WINDOWS\SYSTEM32\NTASN1.dll
[0112/232332.358:ERROR:process_memory_win.cc(73)] ReadMemory at 0x7ff963d20000 of 64 bytes failed: Запрос ReadProcessMemory или WriteProcessMemory был выполнен только частично. (0x12B)
[0112/232332.358:WARNING:pe_image_reader.cc(340)] could not read dos header from C:\WINDOWS\System32\DriverStore\FileRepository\iigd_base.inf_amd64_53628d7735a61570\igc64.dll
[0112/232332.358:ERROR:process_memory_win.cc(73)] ReadMemory at 0x7ff976170000 of 64 bytes failed: Запрос ReadProcessMemory или WriteProcessMemory был выполнен только частично. (0x12B)
[0112/232332.358:WARNING:pe_image_reader.cc(340)] could not read dos header from C:\WINDOWS\System32\clbcatq.dll
[0112/232332.358:ERROR:process_memory_win.cc(73)] ReadMemory at 0x7ff96f8c0000 of 64 bytes failed: Запрос ReadProcessMemory или WriteProcessMemory был выполнен только частично. (0x12B)
[0112/232332.358:WARNING:pe_image_reader.cc(340)] could not read dos header from C:\Windows\System32\WinTypes.dll
[0112/232332.358:ERROR:process_memory_win.cc(73)] ReadMemory at 0x7ff92fd00000 of 64 bytes failed: Запрос ReadProcessMemory или WriteProcessMemory был выполнен только частично. (0x12B)
[0112/232332.358:WARNING:pe_image_reader.cc(340)] could not read dos header from C:\WINDOWS\System32\DriverStore\FileRepository\iigd_base.inf_amd64_53628d7735a61570\igd11dxva64.dll
[0112/232332.358:ERROR:process_memory_win.cc(73)] ReadMemory at 0x7ff952350000 of 64 bytes failed: Запрос ReadProcessMemory или WriteProcessMemory был выполнен только частично. (0x12B)
[0112/232332.358:WARNING:pe_image_reader.cc(340)] could not read dos header from C:\Windows\System32\mfh264enc.dll
[0112/232332.358:ERROR:process_memory_win.cc(73)] ReadMemory at 0x7ff941fb0000 of 64 bytes failed: Запрос ReadProcessMemory или WriteProcessMemory был выполнен только частично. (0x12B)
[0112/232332.358:WARNING:pe_image_reader.cc(340)] could not read dos header from C:\Windows\System32\Windows.Media.dll
[0112/232332.358:ERROR:process_memory_win.cc(73)] ReadMemory at 0x7ff9736a0000 of 64 bytes failed: Запрос ReadProcessMemory или WriteProcessMemory был выполнен только частично. (0x12B)
[0112/232332.358:WARNING:pe_image_reader.cc(340)] could not read dos header from C:\WINDOWS\SYSTEM32\ntmarta.dll
[0112/232332.358:ERROR:process_memory_win.cc(73)] ReadMemory at 0x7ff971fe0000 of 64 bytes failed: Запрос ReadProcessMemory или WriteProcessMemory был выполнен только частично. (0x12B)
[0112/232332.358:WARNING:pe_image_reader.cc(340)] could not read dos header from C:\WINDOWS\system32\uxtheme.dll
[0112/232332.358:ERROR:process_memory_win.cc(73)] ReadMemory at 0x7ff976a60000 of 64 bytes failed: Запрос ReadProcessMemory или WriteProcessMemory был выполнен только частично. (0x12B)
[0112/232332.358:WARNING:pe_image_reader.cc(340)] could not read dos header from C:\WINDOWS\System32\MSCTF.dll
[0112/232332.358:ERROR:process_memory_win.cc(73)] ReadMemory at 0x7ff7160b0000 of 64 bytes failed: Запрос ReadProcessMemory или WriteProcessMemory был выполнен только частично. (0x12B)
[0112/232332.358:WARNING:pe_image_reader.cc(340)] could not read dos header from C:\Program Files (x86)\Google\Chrome\Application\chrome.exe
[0112/232332.358:ERROR:process_memory_win.cc(73)] ReadMemory at 0x7ff9777a0000 of 64 bytes failed: Запрос ReadProcessMemory или WriteProcessMemory был выполнен только частично. (0x12B)
[0112/232332.358:WARNING:pe_image_reader.cc(340)] could not read dos header from C:\WINDOWS\SYSTEM32\ntdll.dll
[0112/232332.358:ERROR:process_memory_win.cc(73)] ReadMemory at 0x7ff976370000 of 64 bytes failed: Запрос ReadProcessMemory или WriteProcessMemory был выполнен только частично. (0x12B)
[0112/232332.358:WARNING:pe_image_reader.cc(340)] could not read dos header from C:\WINDOWS\System32\KERNEL32.dll
[0112/232332.358:ERROR:process_memory_win.cc(73)] ReadMemory at 0x7ff975300000 of 64 bytes failed: Запрос ReadProcessMemory или WriteProcessMemory был выполнен только частично. (0x12B)
[0112/232332.358:WARNING:pe_image_reader.cc(340)] could not read dos header from C:\WINDOWS\System32\KERNELBASE.dll
[0112/232332.358:ERROR:process_memory_win.cc(73)] ReadMemory at 0x7ff952110000 of 64 bytes failed: Запрос ReadProcessMemory или WriteProcessMemory был выполнен только частично. (0x12B)
[0112/232332.358:WARNING:pe_image_reader.cc(340)] could not read dos header from C:\Program Files (x86)\Google\Chrome\Application\79.0.3945.117\chrome_elf.dll
[0112/232332.358:ERROR:process_memory_win.cc(73)] ReadMemory at 0x7ff96fa50000 of 64 bytes failed: Запрос ReadProcessMemory или WriteProcessMemory был выполнен только частично. (0x12B)
[0112/232332.358:WARNING:pe_image_reader.cc(340)] could not read dos header from C:\WINDOWS\SYSTEM32\VERSION.dll
[0112/232332.358:ERROR:process_memory_win.cc(73)] ReadMemory at 0x7ff9762d0000 of 64 bytes failed: Запрос ReadProcessMemory или WriteProcessMemory был выполнен только частично. (0x12B)
[0112/232332.358:WARNING:pe_image_reader.cc(340)] could not read dos header from C:\WINDOWS\System32\msvcrt.dll
[0112/232332.358:ERROR:process_memory_win.cc(73)] ReadMemory at 0x7ff975700000 of 64 bytes failed: Запрос ReadProcessMemory или WriteProcessMemory был выполнен только частично. (0x12B)
[0112/232332.358:WARNING:pe_image_reader.cc(340)] could not read dos header from C:\WINDOWS\System32\bcryptPrimitives.dll
[0112/232332.358:ERROR:process_memory_win.cc(73)] ReadMemory at 0x7ff977310000 of 64 bytes failed: Запрос ReadProcessMemory или WriteProcessMemory был выполнен только частично. (0x12B)
[0112/232332.358:WARNING:pe_image_reader.cc(340)] could not read dos header from C:\WINDOWS\System32\ADVAPI32.dll
[0112/232332.358:ERROR:process_memory_win.cc(73)] ReadMemory at 0x7ff976640000 of 64 bytes failed: Запрос ReadProcessMemory или WriteProcessMemory был выполнен только частично. (0x12B)
[0112/232332.358:WARNING:pe_image_reader.cc(340)] could not read dos header from C:\WINDOWS\System32\sechost.dll
[0112/232332.358:ERROR:process_memory_win.cc(73)] ReadMemory at 0x7ff976830000 of 64 bytes failed: Запрос ReadProcessMemory или WriteProcessMemory был выполнен только частично. (0x12B)
[0112/232332.358:WARNING:pe_image_reader.cc(340)] could not read dos header from C:\WINDOWS\System32\RPCRT4.dll
[0112/232332.358:ERROR:process_memory_win.cc(73)] ReadMemory at 0x7ff9764a0000 of 64 bytes failed: Запрос ReadProcessMemory или WriteProcessMemory был выполнен только частично. (0x12B)
[0112/232332.358:WARNING:pe_image_reader.cc(340)] could not read dos header from C:\WINDOWS\System32\user32.dll
[0112/232332.358:ERROR:process_memory_win.cc(73)] ReadMemory at 0x7ff974730000 of 64 bytes failed: Запрос ReadProcessMemory или WriteProcessMemory был выполнен только частично. (0x12B)
[0112/232332.358:WARNING:pe_image_reader.cc(340)] could not read dos header from C:\WINDOWS\System32\win32u.dll
[0112/232332.358:ERROR:process_memory_win.cc(73)] ReadMemory at 0x7ff9759d0000 of 64 bytes failed: Запрос ReadProcessMemory или WriteProcessMemory был выполнен только частично. (0x12B)
[0112/232332.358:WARNING:pe_image_reader.cc(340)] could not read dos header from C:\WINDOWS\System32\GDI32.dll
[0112/232332.358:ERROR:process_memory_win.cc(73)] ReadMemory at 0x7ff974fb0000 of 64 bytes failed: Запрос ReadProcessMemory или WriteProcessMemory был выполнен только частично. (0x12B)
[0112/232332.358:WARNING:pe_image_reader.cc(340)] could not read dos header from C:\WINDOWS\System32\gdi32full.dll
[0112/232332.358:ERROR:process_memory_win.cc(73)] ReadMemory at 0x7ff974ee0000 of 64 bytes failed: Запрос ReadProcessMemory или WriteProcessMemory был выполнен только частично. (0x12B)
[0112/232332.358:WARNING:pe_image_reader.cc(340)] could not read dos header from C:\WINDOWS\System32\msvcp_win.dll
[0112/232332.358:ERROR:process_memory_win.cc(73)] ReadMemory at 0x7ff975150000 of 64 bytes failed: Запрос ReadProcessMemory или WriteProcessMemory был выполнен только частично. (0x12B)
[0112/232332.358:WARNING:pe_image_reader.cc(340)] could not read dos header from C:\WINDOWS\System32\ucrtbase.dll
[0112/232332.358:ERROR:process_memory_win.cc(73)] ReadMemory at 0x7ff976a20000 of 64 bytes failed: Запрос ReadProcessMemory или WriteProcessMemory был выполнен только частично. (0x12B)
[0112/232332.358:WARNING:pe_image_reader.cc(340)] could not read dos header from C:\WINDOWS\System32\IMM32.DLL
[0112/232332.358:ERROR:process_memory_win.cc(73)] ReadMemory at 0x7ff922bf0000 of 64 bytes failed: Запрос ReadProcessMemory или WriteProcessMemory был выполнен только частично. (0x12B)
[0112/232332.358:WARNING:pe_image_reader.cc(340)] could not read dos header from C:\Program Files (x86)\Google\Chrome\Application\79.0.3945.117\chrome_child.dll
[0112/232332.358:ERROR:process_memory_win.cc(73)] ReadMemory at 0x7ff975bc0000 of 64 bytes failed: Запрос ReadProcessMemory или WriteProcessMemory был выполнен только частично. (0x12B)
[0112/232332.358:WARNING:pe_image_reader.cc(340)] could not read dos header from C:\WINDOWS\System32\OLEAUT32.dll
[0112/232332.358:ERROR:process_memory_win.cc(73)] ReadMemory at 0x7ff977420000 of 64 bytes failed: Запрос ReadProcessMemory или WriteProcessMemory был выполнен только частично. (0x12B)
[0112/232332.358:WARNING:pe_image_reader.cc(340)] could not read dos header from C:\WINDOWS\System32\combase.dll
[0112/232332.358:ERROR:process_memory_win.cc(73)] ReadMemory at 0x19bad060000 of 64 bytes failed: Запрос ReadProcessMemory или WriteProcessMemory был выполнен только частично. (0x12B)
[0112/232332.358:WARNING:pe_image_reader.cc(340)] could not read dos header from C:\WINDOWS\System32\WS2_32.dll
[0112/232332.358:ERROR:process_memory_win.cc(73)] ReadMemory at 0x7ff975780000 of 64 bytes failed: Запрос ReadProcessMemory или WriteProcessMemory был выполнен только частично. (0x12B)
[0112/232332.358:WARNING:pe_image_reader.cc(340)] could not read dos header from C:\WINDOWS\System32\WINTRUST.dll
[0112/232332.358:ERROR:process_memory_win.cc(73)] ReadMemory at 0x7ff974710000 of 64 bytes failed: Запрос ReadProcessMemory или WriteProcessMemory был выполнен только частично. (0x12B)
[0112/232332.358:WARNING:pe_image_reader.cc(340)] could not read dos header from C:\WINDOWS\System32\MSASN1.dll
[0112/232332.358:ERROR:process_memory_win.cc(73)] ReadMemory at 0x7ff9755b0000 of 64 bytes failed: Запрос ReadProcessMemory или WriteProcessMemory был выполнен только частично. (0x12B)
[0112/232332.358:WARNING:pe_image_reader.cc(340)] could not read dos header from C:\WINDOWS\System32\CRYPT32.dll
[0112/232332.358:ERROR:process_memory_win.cc(73)] ReadMemory at 0x7ff973bf0000 of 64 bytes failed: Запрос ReadProcessMemory или WriteProcessMemory был выполнен только частично. (0x12B)
[0112/232332.358:WARNING:pe_image_reader.cc(340)] could not read dos header from C:\WINDOWS\SYSTEM32\IPHLPAPI.DLL
[0112/232332.358:ERROR:process_memory_win.cc(73)] ReadMemory at 0x7ff9717c0000 of 64 bytes failed: Запрос ReadProcessMemory или WriteProcessMemory был выполнен только частично. (0x12B)
[0112/232332.358:WARNING:pe_image_reader.cc(340)] could not read dos header from C:\WINDOWS\SYSTEM32\WINMM.dll
[0112/232332.358:ERROR:process_memory_win.cc(73)] ReadMemory at 0x7ff974560000 of 64 bytes failed: Запрос ReadProcessMemory или WriteProcessMemory был выполнен только частично. (0x12B)
[0112/232332.358:WARNING:pe_image_reader.cc(340)] could not read dos header from C:\WINDOWS\SYSTEM32\USERENV.dll
[0112/232332.358:ERROR:process_memory_win.cc(73)] ReadMemory at 0x7ff974680000 of 64 bytes failed: Запрос ReadProcessMemory или WriteProcessMemory был выполнен только частично. (0x12B)
[0112/232332.358:WARNING:pe_image_reader.cc(340)] could not read dos header from C:\WINDOWS\System32\profapi.dll
[0112/232332.358:ERROR:process_memory_win.cc(73)] ReadMemory at 0x7ff9668e0000 of 64 bytes failed: Запрос ReadProcessMemory или WriteProcessMemory был выполнен только частично. (0x12B)
[0112/232332.358:WARNING:pe_image_reader.cc(340)] could not read dos header from C:\WINDOWS\SYSTEM32\DWrite.dll
[0112/232332.358:ERROR:process_memory_win.cc(73)] ReadMemory at 0x7ff96ee80000 of 64 bytes failed: Запрос ReadProcessMemory или WriteProcessMemory был выполнен только частично. (0x12B)
[0112/232332.358:WARNING:pe_image_reader.cc(340)] could not read dos header from C:\WINDOWS\SYSTEM32\WINSPOOL.DRV
[0112/232332.358:ERROR:process_memory_win.cc(73)] ReadMemory at 0x7ff9746f0000 of 64 bytes failed: Запрос ReadProcessMemory или WriteProcessMemory был выполнен только частично. (0x12B)
[0112/232332.358:WARNING:pe_image_reader.cc(340)] could not read dos header from C:\WINDOWS\System32\kernel.appcore.dll
[0112/232332.358:ERROR:process_memory_win.cc(73)] ReadMemory at 0x7ff974f80000 of 64 bytes failed: Запрос ReadProcessMemory или WriteProcessMemory был выполнен только частично. (0x12B)
[0112/232332.358:WARNING:pe_image_reader.cc(340)] could not read dos header from C:\WINDOWS\System32\bcrypt.dll
[0112/232332.358:ERROR:process_memory_win.cc(73)] ReadMemory at 0x7ff973000000 of 64 bytes failed: Запрос ReadProcessMemory или WriteProcessMemory был выполнен только частично. (0x12B)
[0112/232332.358:WARNING:pe_image_reader.cc(340)] could not read dos header from C:\WINDOWS\SYSTEM32\dbghelp.dll
[0112/232332.358:ERROR:process_memory_win.cc(73)] ReadMemory at 0x7ff95bc00000 of 64 bytes failed: Запрос ReadProcessMemory или WriteProcessMemory был выполнен только частично. (0x12B)
[0112/232332.358:WARNING:pe_image_reader.cc(340)] could not read dos header from C:\WINDOWS\SYSTEM32\Secur32.dll
[0112/232332.358:ERROR:process_memory_win.cc(73)] ReadMemory at 0x7ff96d270000 of 64 bytes failed: Запрос ReadProcessMemory или WriteProcessMemory был выполнен только частично. (0x12B)
[0112/232332.358:WARNING:pe_image_reader.cc(340)] could not read dos header from C:\WINDOWS\SYSTEM32\WINHTTP.dll
[0112/232332.358:ERROR:process_memory_win.cc(73)] ReadMemory at 0x7ff96d000000 of 64 bytes failed: Запрос ReadProcessMemory или WriteProcessMemory был выполнен только частично. (0x12B)
[0112/232332.358:WARNING:pe_image_reader.cc(340)] could not read dos header from C:\WINDOWS\SYSTEM32\dhcpcsvc.DLL
[0112/232332.358:ERROR:process_memory_win.cc(73)] ReadMemory at 0x7ff976a50000 of 64 bytes failed: Запрос ReadProcessMemory или WriteProcessMemory был выполнен только частично. (0x12B)
[0112/232332.358:WARNING:pe_image_reader.cc(340)] could not read dos header from C:\WINDOWS\System32\NSI.dll
[0112/232332.358:ERROR:process_memory_win.cc(73)] ReadMemory at 0x7ff970900000 of 64 bytes failed: Запрос ReadProcessMemory или WriteProcessMemory был выполнен только частично. (0x12B)
[0112/232332.358:WARNING:pe_image_reader.cc(340)] could not read dos header from C:\WINDOWS\SYSTEM32\WINMMBASE.dll
[0112/232332.358:ERROR:process_memory_win.cc(73)] ReadMemory at 0x7ff9757e0000 of 64 bytes failed: Запрос ReadProcessMemory или WriteProcessMemory был выполнен только частично. (0x12B)
[0112/232332.358:WARNING:pe_image_reader.cc(340)] could not read dos header from C:\WINDOWS\System32\cfgmgr32.dll
[0112/232332.358:ERROR:process_memory_win.cc(73)] ReadMemory at 0x7ff972aa0000 of 64 bytes failed: Запрос ReadProcessMemory или WriteProcessMemory был выполнен только частично. (0x12B)
[0112/232332.358:WARNING:pe_image_reader.cc(340)] could not read dos header from C:\WINDOWS\SYSTEM32\PROPSYS.dll
[0112/232332.358:ERROR:process_memory_win.cc(73)] ReadMemory at 0x7ff976220000 of 64 bytes failed: Запрос ReadProcessMemory или WriteProcessMemory был выполнен только частично. (0x12B)
[0112/232332.358:WARNING:pe_image_reader.cc(340)] could not read dos header from C:\WINDOWS\System32\shcore.dll
[0112/232332.358:ERROR:process_memory_win.cc(73)] ReadMemory at 0x7ff974590000 of 64 bytes failed: Запрос ReadProcessMemory или WriteProcessMemory был выполнен только частично. (0x12B)
[0112/232332.358:WARNING:pe_image_reader.cc(340)] could not read dos header from C:\WINDOWS\SYSTEM32\SSPICLI.DLL
[0112/232332.358:ERROR:process_memory_win.cc(73)] ReadMemory at 0x7ff975850000 of 64 bytes failed: Запрос ReadProcessMemory или WriteProcessMemory был выполнен только частично. (0x12B)
[0112/232332.358:WARNING:pe_image_reader.cc(340)] could not read dos header from C:\WINDOWS\System32\ole32.dll
[0112/232332.358:ERROR:process_memory_win.cc(73)] ReadMemory at 0x7ff9740b0000 of 64 bytes failed: Запрос ReadProcessMemory или WriteProcessMemory был выполнен только частично. (0x12B)
[0112/232332.358:WARNING:pe_image_reader.cc(340)] could not read dos header from C:\WINDOWS\SYSTEM32\CRYPTBASE.DLL
[0112/232332.358:ERROR:process_memory_win.cc(73)] ReadMemory at 0x7ff973290000 of 64 bytes failed: Запрос ReadProcessMemory или WriteProcessMemory был выполнен только частично. (0x12B)
[0112/232332.358:WARNING:pe_image_reader.cc(340)] could not read dos header from C:\WINDOWS\SYSTEM32\dxgi.dll
[0112/232332.358:ERROR:process_memory_win.cc(73)] ReadMemory at 0x7ff973270000 of 64 bytes failed: Запрос ReadProcessMemory или WriteProcessMemory был выполнен только частично. (0x12B)
[0112/232332.358:WARNING:pe_image_reader.cc(340)] could not read dos header from C:\WINDOWS\SYSTEM32\dxcore.dll
[0112/232332.358:ERROR:process_memory_win.cc(73)] ReadMemory at 0x7ff95f680000 of 64 bytes failed: Запрос ReadProcessMemory или WriteProcessMemory был выполнен только частично. (0x12B)
[0112/232332.358:WARNING:pe_image_reader.cc(340)] could not read dos header from C:\WINDOWS\SYSTEM32\mf.dll
[0112/232332.358:ERROR:process_memory_win.cc(73)] ReadMemory at 0x7ff951b80000 of 64 bytes failed: Запрос ReadProcessMemory или WriteProcessMemory был выполнен только частично. (0x12B)
[0112/232332.358:WARNING:pe_image_reader.cc(340)] could not read dos header from C:\WINDOWS\SYSTEM32\mfplat.dll
[0112/232332.358:ERROR:process_memory_win.cc(73)] ReadMemory at 0x7ff95f140000 of 64 bytes failed: Запрос ReadProcessMemory или WriteProcessMemory был выполнен только частично. (0x12B)
[0112/232332.358:WARNING:pe_image_reader.cc(340)] could not read dos header from C:\WINDOWS\SYSTEM32\RTWorkQ.DLL
[0112/232332.358:ERROR:process_memory_win.cc(73)] ReadMemory at 0x7ff95a220000 of 64 bytes failed: Запрос ReadProcessMemory или WriteProcessMemory был выполнен только частично. (0x12B)
[0112/232332.358:WARNING:pe_image_reader.cc(340)] could not read dos header from C:\WINDOWS\SYSTEM32\msmpeg2vdec.dll
[0112/232332.358:ERROR:process_memory_win.cc(73)] ReadMemory at 0x7ff975830000 of 64 bytes failed: Запрос ReadProcessMemory или WriteProcessMemory был выполнен только частично. (0x12B)
[0112/232332.358:WARNING:pe_image_reader.cc(340)] could not read dos header from C:\WINDOWS\System32\cryptsp.dll
[0112/232332.358:ERROR:process_memory_win.cc(73)] ReadMemory at 0x7ff95b870000 of 64 bytes failed: Запрос ReadProcessMemory или WriteProcessMemory был выполнен только частично. (0x12B)
[0112/232332.358:WARNING:pe_image_reader.cc(340)] could not read dos header from C:\WINDOWS\SYSTEM32\mfperfhelper.dll
[0112/232332.358:ERROR:process_memory_win.cc(73)] ReadMemory at 0x7ff9704e0000 of 64 bytes failed: Запрос ReadProcessMemory или WriteProcessMemory был выполнен только частично. (0x12B)
[0112/232332.358:WARNING:pe_image_reader.cc(340)] could not read dos header from C:\WINDOWS\SYSTEM32\dxva2.dll
[0112/232332.358:ERROR:process_memory_win.cc(73)] ReadMemory at 0x7ff95a0a0000 of 64 bytes failed: Запрос ReadProcessMemory или WriteProcessMemory был выполнен только частично. (0x12B)
[0112/232332.358:WARNING:pe_image_reader.cc(340)] could not read dos header from C:\WINDOWS\SYSTEM32\msvproc.dll
[0112/232332.358:ERROR:process_memory_win.cc(73)] ReadMemory at 0x7ff9746a0000 of 64 bytes failed: Запрос ReadProcessMemory или WriteProcessMemory был выполнен только частично. (0x12B)
[0112/232332.358:WARNING:pe_image_reader.cc(340)] could not read dos header from C:\WINDOWS\System32\powrprof.dll
[0112/232332.358:ERROR:process_memory_win.cc(73)] ReadMemory at 0x7ff974670000 of 64 bytes failed: Запрос ReadProcessMemory или WriteProcessMemory был выполнен только частично. (0x12B)
[0112/232332.358:WARNING:pe_image_reader.cc(340)] could not read dos header from C:\WINDOWS\System32\UMPDC.dll
[0112/232332.358:ERROR:process_memory_win.cc(73)] ReadMemory at 0x7ff96d3c0000 of 64 bytes failed: Запрос ReadProcessMemory или WriteProcessMemory был выполнен только частично. (0x12B)
[0112/232332.358:WARNING:pe_image_reader.cc(340)] could not read dos header from C:\WINDOWS\SYSTEM32\CompPkgSup.DLL
[0112/232332.358:ERROR:process_memory_win.cc(73)] ReadMemory at 0x7ff971180000 of 64 bytes failed: Запрос ReadProcessMemory или WriteProcessMemory был выполнен только частично. (0x12B)
[0112/232332.358:WARNING:pe_image_reader.cc(340)] could not read dos header from C:\WINDOWS\SYSTEM32\D3DCompiler_47.dll
[0112/232332.358:ERROR:process_memory_win.cc(73)] ReadMemory at 0x7ff91fcf0000 of 64 bytes failed: Запрос ReadProcessMemory или WriteProcessMemory был выполнен только частично. (0x12B)
[0112/232332.358:WARNING:pe_image_reader.cc(340)] could not read dos header from C:\Program Files (x86)\Google\Chrome\Application\79.0.3945.117\libglesv2.dll
[0112/232332.358:ERROR:process_memory_win.cc(73)] ReadMemory at 0x7ff975ca0000 of 64 bytes failed: Запрос ReadProcessMemory или WriteProcessMemory был выполнен только частично. (0x12B)
[0112/232332.358:WARNING:pe_image_reader.cc(340)] could not read dos header from C:\WINDOWS\System32\SETUPAPI.dll
[0112/232332.358:ERROR:process_memory_win.cc(73)] ReadMemory at 0x7ff9551a0000 of 64 bytes failed: Запрос ReadProcessMemory или WriteProcessMemory был выполнен только частично. (0x12B)
[0112/232332.358:WARNING:pe_image_reader.cc(340)] could not read dos header from C:\Program Files (x86)\Google\Chrome\Application\79.0.3945.117\libegl.dll
[0112/232332.358:ERROR:process_memory_win.cc(73)] ReadMemory at 0x7ff972510000 of 64 bytes failed: Запрос ReadProcessMemory или WriteProcessMemory был выполнен только частично. (0x12B)
[0112/232332.358:WARNING:pe_image_reader.cc(340)] could not read dos header from C:\WINDOWS\SYSTEM32\dwmapi.dll
[0112/232332.358:ERROR:process_memory_win.cc(73)] ReadMemory at 0x7ff970960000 of 64 bytes failed: Запрос ReadProcessMemory или WriteProcessMemory был выполнен только частично. (0x12B)
[0112/232332.358:WARNING:pe_image_reader.cc(340)] could not read dos header from C:\WINDOWS\SYSTEM32\d3d11.dll
[0112/232332.358:ERROR:process_memory_win.cc(73)] ReadMemory at 0x7ff9715e0000 of 64 bytes failed: Запрос ReadProcessMemory или WriteProcessMemory был выполнен только частично. (0x12B)
[0112/232332.358:WARNING:pe_image_reader.cc(340)] could not read dos header from C:\WINDOWS\SYSTEM32\dcomp.dll
[0112/232332.358:ERROR:process_memory_win.cc(73)] ReadMemory at 0x7ff966ca0000 of 64 bytes failed: Запрос ReadProcessMemory или WriteProcessMemory был выполнен только частично. (0x12B)
[0112/232332.358:WARNING:pe_image_reader.cc(340)] could not read dos header from C:\WINDOWS\System32\DriverStore\FileRepository\iigd_base.inf_amd64_53628d7735a61570\igd10iumd64.dll
[0112/232332.358:ERROR:process_memory_win.cc(73)] ReadMemory at 0x7ff9741b0000 of 64 bytes failed: Запрос ReadProcessMemory или WriteProcessMemory был выполнен только частично. (0x12B)
[0112/232332.358:WARNING:pe_image_reader.cc(340)] could not read dos header from C:\WINDOWS\SYSTEM32\ncrypt.dll
[0112/232332.358:ERROR:process_memory_win.cc(73)] ReadMemory at 0x7ff974170000 of 64 bytes failed: Запрос ReadProcessMemory или WriteProcessMemory был выполнен только частично. (0x12B)
[0112/232332.358:WARNING:pe_image_reader.cc(340)] could not read dos header from C:\WINDOWS\SYSTEM32\NTASN1.dll
[0112/232332.358:ERROR:process_memory_win.cc(73)] ReadMemory at 0x7ff963d20000 of 64 bytes failed: Запрос ReadProcessMemory или WriteProcessMemory был выполнен только частично. (0x12B)
[0112/232332.358:WARNING:pe_image_reader.cc(340)] could not read dos header from C:\WINDOWS\System32\DriverStore\FileRepository\iigd_base.inf_amd64_53628d7735a61570\igc64.dll
[0112/232332.358:ERROR:process_memory_win.cc(73)] ReadMemory at 0x7ff976170000 of 64 bytes failed: Запрос ReadProcessMemory или WriteProcessMemory был выполнен только частично. (0x12B)
[0112/232332.358:WARNING:pe_image_reader.cc(340)] could not read dos header from C:\WINDOWS\System32\clbcatq.dll
[0112/232332.358:ERROR:process_memory_win.cc(73)] ReadMemory at 0x7ff96f8c0000 of 64 bytes failed: Запрос ReadProcessMemory или WriteProcessMemory был выполнен только частично. (0x12B)
[0112/232332.358:WARNING:pe_image_reader.cc(340)] could not read dos header from C:\Windows\System32\WinTypes.dll
[0112/232332.358:ERROR:process_memory_win.cc(73)] ReadMemory at 0x7ff92fd00000 of 64 bytes failed: Запрос ReadProcessMemory или WriteProcessMemory был выполнен только частично. (0x12B)
[0112/232332.358:WARNING:pe_image_reader.cc(340)] could not read dos header from C:\WINDOWS\System32\DriverStore\FileRepository\iigd_base.inf_amd64_53628d7735a61570\igd11dxva64.dll
[0112/232332.358:ERROR:process_memory_win.cc(73)] ReadMemory at 0x7ff952350000 of 64 bytes failed: Запрос ReadProcessMemory или WriteProcessMemory был выполнен только частично. (0x12B)
[0112/232332.358:WARNING:pe_image_reader.cc(340)] could not read dos header from C:\Windows\System32\mfh264enc.dll
[0112/232332.358:ERROR:process_memory_win.cc(73)] ReadMemory at 0x7ff941fb0000 of 64 bytes failed: Запрос ReadProcessMemory или WriteProcessMemory был выполнен только частично. (0x12B)
[0112/232332.358:WARNING:pe_image_reader.cc(340)] could not read dos header from C:\Windows\System32\Windows.Media.dll
[0112/232332.358:ERROR:process_memory_win.cc(73)] ReadMemory at 0x7ff9736a0000 of 64 bytes failed: Запрос ReadProcessMemory или WriteProcessMemory был выполнен только частично. (0x12B)
[0112/232332.358:WARNING:pe_image_reader.cc(340)] could not read dos header from C:\WINDOWS\SYSTEM32\ntmarta.dll
[0112/232332.358:ERROR:process_memory_win.cc(73)] ReadMemory at 0x7ff971fe0000 of 64 bytes failed: Запрос ReadProcessMemory или WriteProcessMemory был выполнен только частично. (0x12B)
[0112/232332.358:WARNING:pe_image_reader.cc(340)] could not read dos header from C:\WINDOWS\system32\uxtheme.dll
[0112/232332.358:ERROR:process_memory_win.cc(73)] ReadMemory at 0x7ff976a60000 of 64 bytes failed: Запрос ReadProcessMemory или WriteProcessMemory был выполнен только частично. (0x12B)
[0112/232332.358:WARNING:pe_image_reader.cc(340)] could not read dos header from C:\WINDOWS\System32\MSCTF.dll
[0112/232332.389:ERROR:process_memory_win.cc(73)] ReadMemory at 0x938d5ec000 of 81920 bytes failed: Запрос ReadProcessMemory или WriteProcessMemory был выполнен только частично. (0x12B)
[0112/232332.389:ERROR:process_memory_win.cc(73)] ReadMemory at 0x938ddfd000 of 12288 bytes failed: Запрос ReadProcessMemory или WriteProcessMemory был выполнен только частично. (0x12B)
[0112/232332.389:ERROR:process_memory_win.cc(73)] ReadMemory at 0x938e5fd000 of 12288 bytes failed: Запрос ReadProcessMemory или WriteProcessMemory был выполнен только частично. (0x12B)
[0112/232332.389:ERROR:process_memory_win.cc(73)] ReadMemory at 0x938edfd000 of 12288 bytes failed: Запрос ReadProcessMemory или WriteProcessMemory был выполнен только частично. (0x12B)
[0112/232332.389:ERROR:process_memory_win.cc(73)] ReadMemory at 0x938f5fd000 of 12288 bytes failed: Запрос ReadProcessMemory или WriteProcessMemory был выполнен только частично. (0x12B)
[0112/232332.389:ERROR:process_memory_win.cc(73)] ReadMemory at 0x938fdfc000 of 16384 bytes failed: Запрос ReadProcessMemory или WriteProcessMemory был выполнен только частично. (0x12B)
[0112/232332.389:ERROR:process_memory_win.cc(73)] ReadMemory at 0x93905ff000 of 4096 bytes failed: Запрос ReadProcessMemory или WriteProcessMemory был выполнен только частично. (0x12B)
[0112/232332.389:ERROR:process_memory_win.cc(73)] ReadMemory at 0x9390dfc000 of 16384 bytes failed: Запрос ReadProcessMemory или WriteProcessMemory был выполнен только частично. (0x12B)
[0112/232332.389:ERROR:process_memory_win.cc(73)] ReadMemory at 0x93925fe000 of 8192 bytes failed: Запрос ReadProcessMemory или WriteProcessMemory был выполнен только частично. (0x12B)
[0112/232332.389:ERROR:process_memory_win.cc(73)] ReadMemory at 0x9393dfd000 of 12288 bytes failed: Запрос ReadProcessMemory или WriteProcessMemory был выполнен только частично. (0x12B)
[0112/232332.405:ERROR:process_memory_win.cc(73)] ReadMemory at 0x93955fd000 of 12288 bytes failed: Запрос ReadProcessMemory или WriteProcessMemory был выполнен только частично. (0x12B)
[0112/232332.405:ERROR:process_memory_win.cc(73)] ReadMemory at 0x93915fd000 of 12288 bytes failed: Запрос ReadProcessMemory или WriteProcessMemory был выполнен только частично. (0x12B)
[0112/232332.405:ERROR:process_memory_win.cc(73)] ReadMemory at 0x9391dfe000 of 8192 bytes failed: Запрос ReadProcessMemory или WriteProcessMemory был выполнен только частично. (0x12B)
[0112/232332.405:ERROR:process_memory_win.cc(73)] ReadMemory at 0x9392dfd000 of 12288 bytes failed: Запрос ReadProcessMemory или WriteProcessMemory был выполнен только частично. (0x12B)
[0112/232332.405:ERROR:process_memory_win.cc(73)] ReadMemory at 0x9395df9000 of 28672 bytes failed: Запрос ReadProcessMemory или WriteProcessMemory был выполнен только частично. (0x12B)
[0112/232332.405:ERROR:process_memory_win.cc(73)] ReadMemory at 0x938cc3e000 of 6024 bytes failed: Запрос ReadProcessMemory или WriteProcessMemory был выполнен только частично. (0x12B)
[0112/232332.405:ERROR:process_memory_win.cc(73)] ReadMemory at 0x938cc40000 of 6024 bytes failed: Запрос ReadProcessMemory или WriteProcessMemory был выполнен только частично. (0x12B)
[0112/232332.405:ERROR:process_memory_win.cc(73)] ReadMemory at 0x938cc48000 of 6024 bytes failed: Запрос ReadProcessMemory или WriteProcessMemory был выполнен только частично. (0x12B)
[0112/232332.405:ERROR:process_memory_win.cc(73)] ReadMemory at 0x938cc66000 of 6024 bytes failed: Запрос ReadProcessMemory или WriteProcessMemory был выполнен только частично. (0x12B)
[0112/232332.405:ERROR:process_memory_win.cc(73)] ReadMemory at 0x938cd47000 of 852 bytes failed: Запрос ReadProcessMemory или WriteProcessMemory был выполнен только частично. (0x12B)
[0112/232332.405:ERROR:process_memory_win.cc(73)] ReadMemory at 0x938cd48000 of 6024 bytes failed: Запрос ReadProcessMemory или WriteProcessMemory был выполнен только частично. (0x12B)
[0112/232332.405:ERROR:process_memory_win.cc(73)] ReadMemory at 0x938cd4a000 of 6024 bytes failed: Запрос ReadProcessMemory или WriteProcessMemory был выполнен только частично. (0x12B)
[0112/232332.405:ERROR:process_memory_win.cc(73)] ReadMemory at 0x938cd4c000 of 6024 bytes failed: Запрос ReadProcessMemory или WriteProcessMemory был выполнен только частично. (0x12B)
[0112/232332.405:ERROR:process_memory_win.cc(73)] ReadMemory at 0x938cd4e000 of 6024 bytes failed: Запрос ReadProcessMemory или WriteProcessMemory был выполнен только частично. (0x12B)
[0112/232332.405:ERROR:process_memory_win.cc(73)] ReadMemory at 0x938cd50000 of 6024 bytes failed: Запрос ReadProcessMemory или WriteProcessMemory был выполнен только частично. (0x12B)
[0112/232332.405:ERROR:process_memory_win.cc(73)] ReadMemory at 0x938cd52000 of 6024 bytes failed: Запрос ReadProcessMemory или WriteProcessMemory был выполнен только частично. (0x12B)
[0112/232332.405:ERROR:process_memory_win.cc(73)] ReadMemory at 0x938cd54000 of 6024 bytes failed: Запрос ReadProcessMemory или WriteProcessMemory был выполнен только частично. (0x12B)
[0112/232332.405:ERROR:process_memory_win.cc(73)] ReadMemory at 0x938cd56000 of 6024 bytes failed: Запрос ReadProcessMemory или WriteProcessMemory был выполнен только частично. (0x12B)
[0112/232332.405:ERROR:process_memory_win.cc(73)] ReadMemory at 0x938cd5c000 of 6024 bytes failed: Запрос ReadProcessMemory или WriteProcessMemory был выполнен только частично. (0x12B)
[0112/232332.405:ERROR:process_memory_win.cc(73)] ReadMemory at 0x938cdaa000 of 6024 bytes failed: Запрос ReadProcessMemory или WriteProcessMemory был выполнен только частично. (0x12B)
[0112/232332.405:ERROR:process_memory_win.cc(73)] ReadMemory at 0x938cdac000 of 6024 bytes failed: Запрос ReadProcessMemory или WriteProcessMemory был выполнен только частично. (0x12B)
[0112/232332.405:ERROR:process_memory_win.cc(73)] ReadMemory at 0x19bab650ad0 of 1016 bytes failed: Запрос ReadProcessMemory или WriteProcessMemory был выполнен только частично. (0x12B)
[0112/232332.405:ERROR:process_memory_win.cc(73)] ReadMemory at 0x19bab650fe0 of 5118 bytes failed: Запрос ReadProcessMemory или WriteProcessMemory был выполнен только частично. (0x12B)
[0112/232332.405:ERROR:process_memory_win.cc(73)] ReadMemory at 0x19bab6523f0 of 1012 bytes failed: Запрос ReadProcessMemory или WriteProcessMemory был выполнен только частично. (0x12B)
[0112/232332.405:ERROR:process_memory_win.cc(73)] ReadMemory at 0x19bab652a38 of 118 bytes failed: Запрос ReadProcessMemory или WriteProcessMemory был выполнен только частично. (0x12B)
[0112/232332.405:ERROR:process_memory_win.cc(73)] ReadMemory at 0x19bab652ab0 of 992 bytes failed: Запрос ReadProcessMemory или WriteProcessMemory был выполнен только частично. (0x12B)
[0112/232332.405:ERROR:process_memory_win.cc(73)] ReadMemory at 0x19bab652e92 of 118 bytes failed: Запрос ReadProcessMemory или WriteProcessMemory был выполнен только частично. (0x12B)
[0112/232332.405:ERROR:process_memory_win.cc(73)] ReadMemory at 0x19bab652f0a of 30 bytes failed: Запрос ReadProcessMemory или WriteProcessMemory был выполнен только частично. (0x12B)
[0112/232332.405:ERROR:process_memory_win.cc(73)] ReadMemory at 0x19bab652f40 of 58 bytes failed: Запрос ReadProcessMemory или WriteProcessMemory был выполнен только частично. (0x12B)
[0112/232332.405:ERROR:process_memory_win.cc(73)] ReadMemory at 0x19bab653040 of 132 bytes failed: Запрос ReadProcessMemory или WriteProcessMemory был выполнен только частично. (0x12B)
[0112/232332.405:ERROR:process_memory_win.cc(73)] ReadMemory at 0x19bab6531d0 of 132 bytes failed: Запрос ReadProcessMemory или WriteProcessMemory был выполнен только частично. (0x12B)
[0112/232332.405:ERROR:process_memory_win.cc(73)] ReadMemory at 0x19bab653360 of 146 bytes failed: Запрос ReadProcessMemory или WriteProcessMemory был выполнен только частично. (0x12B)
[0112/232332.405:ERROR:process_memory_win.cc(73)] ReadMemory at 0x19bab6534d0 of 152 bytes failed: Запрос ReadProcessMemory или WriteProcessMemory был выполнен только частично. (0x12B)
[0112/232332.405:ERROR:process_memory_win.cc(73)] ReadMemory at 0x19bab653680 of 132 bytes failed: Запрос ReadProcessMemory или WriteProcessMemory был выполнен только частично. (0x12B)
[0112/232332.405:ERROR:process_memory_win.cc(73)] ReadMemory at 0x19bab653f70 of 132 bytes failed: Запрос ReadProcessMemory или WriteProcessMemory был выполнен только частично. (0x12B)
[0112/232332.405:ERROR:process_memory_win.cc(73)] ReadMemory at 0x19bab654100 of 64 bytes failed: Запрос ReadProcessMemory или WriteProcessMemory был выполнен только частично. (0x12B)
[0112/232332.405:ERROR:process_memory_win.cc(73)] ReadMemory at 0x19bab654150 of 132 bytes failed: Запрос ReadProcessMemory или WriteProcessMemory был выполнен только частично. (0x12B)
[0112/232332.405:ERROR:process_memory_win.cc(73)] ReadMemory at 0x19bab654560 of 132 bytes failed: Запрос ReadProcessMemory или WriteProcessMemory был выполнен только частично. (0x12B)
[0112/232332.405:ERROR:process_memory_win.cc(73)] ReadMemory at 0x19bab6546f0 of 68 bytes failed: Запрос ReadProcessMemory или WriteProcessMemory был выполнен только частично. (0x12B)
[0112/232332.405:ERROR:process_memory_win.cc(73)] ReadMemory at 0x19bab659890 of 132 bytes failed: Запрос ReadProcessMemory или WriteProcessMemory был выполнен только частично. (0x12B)
[0112/232332.405:ERROR:process_memory_win.cc(73)] ReadMemory at 0x19bab6599c0 of 154 bytes failed: Запрос ReadProcessMemory или WriteProcessMemory был выполнен только частично. (0x12B)
[0112/232332.405:ERROR:process_memory_win.cc(73)] ReadMemory at 0x19bab65dc30 of 62 bytes failed: Запрос ReadProcessMemory или WriteProcessMemory был выполнен только частично. (0x12B)
[0112/232332.405:ERROR:process_memory_win.cc(73)] ReadMemory at 0x19bab65de20 of 132 bytes failed: Запрос ReadProcessMemory или WriteProcessMemory был выполнен только частично. (0x12B)
[0112/232332.405:ERROR:process_memory_win.cc(73)] ReadMemory at 0x19bab65df50 of 60 bytes failed: Запрос ReadProcessMemory или WriteProcessMemory был выполнен только частично. (0x12B)
[0112/232332.405:ERROR:process_memory_win.cc(73)] ReadMemory at 0x19bab65e0b0 of 132 bytes failed: Запрос ReadProcessMemory или WriteProcessMemory был выполнен только частично. (0x12B)
[0112/232332.405:ERROR:process_memory_win.cc(73)] ReadMemory at 0x19bab65ecd0 of 58 bytes failed: Запрос ReadProcessMemory или WriteProcessMemory был выполнен только частично. (0x12B)
[0112/232332.405:ERROR:process_memory_win.cc(73)] ReadMemory at 0x19bab65ed20 of 66 bytes failed: Запрос ReadProcessMemory или WriteProcessMemory был выполнен только частично. (0x12B)
[0112/232332.405:ERROR:process_memory_win.cc(73)] ReadMemory at 0x19bab65ed70 of 60 bytes failed: Запрос ReadProcessMemory или WriteProcessMemory был выполнен только частично. (0x12B)
[0112/232332.405:ERROR:process_memory_win.cc(73)] ReadMemory at 0x19bab65edc0 of 64 bytes failed: Запрос ReadProcessMemory или WriteProcessMemory был выполнен только частично. (0x12B)
[0112/232332.405:ERROR:process_memory_win.cc(73)] ReadMemory at 0x19bab65ee10 of 60 bytes failed: Запрос ReadProcessMemory или WriteProcessMemory был выполнен только частично. (0x12B)
[0112/232332.405:ERROR:process_memory_win.cc(73)] ReadMemory at 0x19bab65f270 of 60 bytes failed: Запрос ReadProcessMemory или WriteProcessMemory был выполнен только частично. (0x12B)
[0112/232332.405:ERROR:process_memory_win.cc(73)] ReadMemory at 0x19bab65f2c0 of 66 bytes failed: Запрос ReadProcessMemory или WriteProcessMemory был выполнен только частично. (0x12B)
[0112/232332.405:ERROR:process_memory_win.cc(73)] ReadMemory at 0x19bab65f310 of 62 bytes failed: Запрос ReadProcessMemory или WriteProcessMemory был выполнен только частично. (0x12B)
[0112/232332.405:ERROR:process_memory_win.cc(73)] ReadMemory at 0x19bab65f4fc of 512 bytes failed: Запрос ReadProcessMemory или WriteProcessMemory был выполнен только частично. (0x12B)
[0112/232332.405:ERROR:process_memory_win.cc(73)] ReadMemory at 0x19bab65f910 of 132 bytes failed: Запрос ReadProcessMemory или WriteProcessMemory был выполнен только частично. (0x12B)
[0112/232332.405:ERROR:process_memory_win.cc(73)] ReadMemory at 0x19bab65fe90 of 80 bytes failed: Запрос ReadProcessMemory или WriteProcessMemory был выполнен только частично. (0x12B)
[0112/232332.405:ERROR:process_memory_win.cc(73)] ReadMemory at 0x19bab660410 of 132 bytes failed: Запрос ReadProcessMemory или WriteProcessMemory был выполнен только частично. (0x12B)
[0112/232332.405:ERROR:process_memory_win.cc(73)] ReadMemory at 0x19bab660540 of 132 bytes failed: Запрос ReadProcessMemory или WriteProcessMemory был выполнен только частично. (0x12B)
[0112/232332.405:ERROR:process_memory_win.cc(73)] ReadMemory at 0x19bab660900 of 158 bytes failed: Запрос ReadProcessMemory или WriteProcessMemory был выполнен только частично. (0x12B)
[0112/232332.405:ERROR:process_memory_win.cc(73)] ReadMemory at 0x19bab6609c0 of 132 bytes failed: Запрос ReadProcessMemory или WriteProcessMemory был выполнен только частично. (0x12B)
[0112/232332.405:ERROR:process_memory_win.cc(73)] ReadMemory at 0x19bab660b40 of 132 bytes failed: Запрос ReadProcessMemory или WriteProcessMemory был выполнен только частично. (0x12B)
[0112/232332.405:ERROR:process_memory_win.cc(73)] ReadMemory at 0x19bab660c70 of 132 bytes failed: Запрос ReadProcessMemory или WriteProcessMemory был выполнен только частично. (0x12B)
[0112/232332.405:ERROR:process_memory_win.cc(73)] ReadMemory at 0x19bab660da0 of 132 bytes failed: Запрос ReadProcessMemory или WriteProcessMemory был выполнен только частично. (0x12B)
[0112/232332.405:ERROR:process_memory_win.cc(73)] ReadMemory at 0x19bab660ed0 of 132 bytes failed: Запрос ReadProcessMemory или WriteProcessMemory был выполнен только частично. (0x12B)
[0112/232332.405:ERROR:process_memory_win.cc(73)] ReadMemory at 0x19bab661000 of 132 bytes failed: Запрос ReadProcessMemory или WriteProcessMemory был выполнен только частично. (0x12B)
[0112/232332.405:ERROR:process_memory_win.cc(73)] ReadMemory at 0x19bab661130 of 132 bytes failed: Запрос ReadProcessMemory или WriteProcessMemory был выполнен только частично. (0x12B)
[0112/232332.405:ERROR:process_memory_win.cc(73)] ReadMemory at 0x19bab661260 of 132 bytes failed: Запрос ReadProcessMemory или WriteProcessMemory был выполнен только частично. (0x12B)
[0112/232332.405:ERROR:process_memory_win.cc(73)] ReadMemory at 0x19bab661390 of 132 bytes failed: Запрос ReadProcessMemory или WriteProcessMemory был выполнен только частично. (0x12B)
[0112/232332.405:ERROR:process_memory_win.cc(73)] ReadMemory at 0x19bab6614c0 of 132 bytes failed: Запрос ReadProcessMemory или WriteProcessMemory был выполнен только частично. (0x12B)
[0112/232332.405:ERROR:process_memory_win.cc(73)] ReadMemory at 0x19bab6615f0 of 132 bytes failed: Запрос ReadProcessMemory или WriteProcessMemory был выполнен только частично. (0x12B)
[0112/232332.405:ERROR:process_memory_win.cc(73)] ReadMemory at 0x19bab661720 of 132 bytes failed: Запрос ReadProcessMemory или WriteProcessMemory был выполнен только частично. (0x12B)
[0112/232332.405:ERROR:process_memory_win.cc(73)] ReadMemory at 0x19bab661850 of 132 bytes failed: Запрос ReadProcessMemory или WriteProcessMemory был выполнен только частично. (0x12B)
[0112/232332.405:ERROR:process_memory_win.cc(73)] ReadMemory at 0x19bab661980 of 132 bytes failed: Запрос ReadProcessMemory или WriteProcessMemory был выполнен только частично. (0x12B)
[0112/232332.405:ERROR:process_memory_win.cc(73)] ReadMemory at 0x19bab664270 of 132 bytes failed: Запрос ReadProcessMemory или WriteProcessMemory был выполнен только частично. (0x12B)
[0112/232332.405:ERROR:process_memory_win.cc(73)] ReadMemory at 0x19bab664fc0 of 54 bytes failed: Запрос ReadProcessMemory или WriteProcessMemory был выполнен только частично. (0x12B)
[0112/232332.405:ERROR:process_memory_win.cc(73)] ReadMemory at 0x19bab6692d0 of 64 bytes failed: Запрос ReadProcessMemory или WriteProcessMemory был выполнен только частично. (0x12B)
[0112/232332.405:ERROR:process_memory_win.cc(73)] ReadMemory at 0x19bab669370 of 62 bytes failed: Запрос ReadProcessMemory или WriteProcessMemory был выполнен только частично. (0x12B)
[0112/232332.405:ERROR:process_memory_win.cc(73)] ReadMemory at 0x19bab6693c0 of 64 bytes failed: Запрос ReadProcessMemory или WriteProcessMemory был выполнен только частично. (0x12B)
[0112/232332.405:ERROR:process_memory_win.cc(73)] ReadMemory at 0x19bab6695a0 of 58 bytes failed: Запрос ReadProcessMemory или WriteProcessMemory был выполнен только частично. (0x12B)
[0112/232332.405:ERROR:process_memory_win.cc(73)] ReadMemory at 0x19bab6695f0 of 64 bytes failed: Запрос ReadProcessMemory или WriteProcessMemory был выполнен только частично. (0x12B)
[0112/232332.405:ERROR:process_memory_win.cc(73)] ReadMemory at 0x19bab669640 of 60 bytes failed: Запрос ReadProcessMemory или WriteProcessMemory был выполнен только частично. (0x12B)
[0112/232332.405:ERROR:process_memory_win.cc(73)] ReadMemory at 0x19bab669690 of 62 bytes failed: Запрос ReadProcessMemory или WriteProcessMemory был выполнен только частично. (0x12B)
[0112/232332.405:ERROR:process_memory_win.cc(73)] ReadMemory at 0x19bab6696e0 of 62 bytes failed: Запрос ReadProcessMemory или WriteProcessMemory был выполнен только частично. (0x12B)
[0112/232332.405:ERROR:process_memory_win.cc(73)] ReadMemory at 0x19bab669730 of 60 bytes failed: Запрос ReadProcessMemory или WriteProcessMemory был выполнен только частично. (0x12B)
[0112/232332.405:ERROR:process_memory_win.cc(73)] ReadMemory at 0x19bab6697d0 of 60 bytes failed: Запрос ReadProcessMemory или WriteProcessMemory был выполнен только частично. (0x12B)
[0112/232332.405:ERROR:process_memory_win.cc(73)] ReadMemory at 0x19bab669820 of 62 bytes failed: Запрос ReadProcessMemory или WriteProcessMemory был выполнен только частично. (0x12B)
[0112/232332.405:ERROR:process_memory_win.cc(73)] ReadMemory at 0x19bab669870 of 60 bytes failed: Запрос ReadProcessMemory или WriteProcessMemory был выполнен только частично. (0x12B)
[0112/232332.405:ERROR:process_memory_win.cc(73)] ReadMemory at 0x19bab6698c0 of 62 bytes failed: Запрос ReadProcessMemory или WriteProcessMemory был выполнен только частично. (0x12B)
[0112/232332.405:ERROR:process_memory_win.cc(73)] ReadMemory at 0x19bab669910 of 58 bytes failed: Запрос ReadProcessMemory или WriteProcessMemory был выполнен только частично. (0x12B)
[0112/232332.405:ERROR:process_memory_win.cc(73)] ReadMemory at 0x19bab669960 of 64 bytes failed: Запрос ReadProcessMemory или WriteProcessMemory был выполнен только частично. (0x12B)
[0112/232332.405:ERROR:process_memory_win.cc(73)] ReadMemory at 0x19bab6699b0 of 64 bytes failed: Запрос ReadProcessMemory или WriteProcessMemory был выполнен только частично. (0x12B)
[0112/232332.405:ERROR:process_memory_win.cc(73)] ReadMemory at 0x19bab669aa0 of 60 bytes failed: Запрос ReadProcessMemory или WriteProcessMemory был выполнен только частично. (0x12B)
[0112/232332.405:ERROR:process_memory_win.cc(73)] ReadMemory at 0x19bab669b90 of 62 bytes failed: Запрос ReadProcessMemory или WriteProcessMemory был выполнен только частично. (0x12B)
[0112/232332.405:ERROR:process_memory_win.cc(73)] ReadMemory at 0x19bab669be0 of 64 bytes failed: Запрос ReadProcessMemory или WriteProcessMemory был выполнен только частично. (0x12B)
[0112/232332.405:ERROR:process_memory_win.cc(73)] ReadMemory at 0x19bab669c30 of 62 bytes failed: Запрос ReadProcessMemory или WriteProcessMemory был выполнен только частично. (0x12B)
[0112/232332.405:ERROR:process_memory_win.cc(73)] ReadMemory at 0x19bab669e10 of 66 bytes failed: Запрос ReadProcessMemory или WriteProcessMemory был выполнен только частично. (0x12B)
[0112/232332.405:ERROR:process_memory_win.cc(73)] ReadMemory at 0x19bab66a040 of 64 bytes failed: Запрос ReadProcessMemory или WriteProcessMemory был выполнен только частично. (0x12B)
[0112/232332.405:ERROR:process_memory_win.cc(73)] ReadMemory at 0x19bab66a090 of 62 bytes failed: Запрос ReadProcessMemory или WriteProcessMemory был выполнен только частично. (0x12B)
[0112/232332.405:ERROR:process_memory_win.cc(73)] ReadMemory at 0x19bab66a130 of 62 bytes failed: Запрос ReadProcessMemory или WriteProcessMemory был выполнен только частично. (0x12B)
[0112/232332.405:ERROR:process_memory_win.cc(73)] ReadMemory at 0x19bab66eda0 of 72 bytes failed: Запрос ReadProcessMemory или WriteProcessMemory был выполнен только частично. (0x12B)
[0112/232332.405:ERROR:process_memory_win.cc(73)] ReadMemory at 0x19bab66f1c0 of 76 bytes failed: Запрос ReadProcessMemory или WriteProcessMemory был выполнен только частично. (0x12B)
[0112/232332.405:ERROR:process_memory_win.cc(73)] ReadMemory at 0x19bab66fe30 of 132 bytes failed: Запрос ReadProcessMemory или WriteProcessMemory был выполнен только частично. (0x12B)
[0112/232332.405:ERROR:process_memory_win.cc(73)] ReadMemory at 0x19bab66ff60 of 132 bytes failed: Запрос ReadProcessMemory или WriteProcessMemory был выполнен только частично. (0x12B)
[0112/232332.405:ERROR:process_memory_win.cc(73)] ReadMemory at 0x19bab670090 of 132 bytes failed: Запрос ReadProcessMemory или WriteProcessMemory был выполнен только частично. (0x12B)
[0112/232332.405:ERROR:process_memory_win.cc(73)] ReadMemory at 0x19bab6701c0 of 132 bytes failed: Запрос ReadProcessMemory или WriteProcessMemory был выполнен только частично. (0x12B)
[0112/232332.405:ERROR:process_memory_win.cc(73)] ReadMemory at 0x19bab6702f0 of 132 bytes failed: Запрос ReadProcessMemory или WriteProcessMemory был выполнен только частично. (0x12B)
[0112/232332.405:ERROR:process_memory_win.cc(73)] ReadMemory at 0x19bab670420 of 132 bytes failed: Запрос ReadProcessMemory или WriteProcessMemory был выполнен только частично. (0x12B)
[0112/232332.405:ERROR:process_memory_win.cc(73)] ReadMemory at 0x19bab670550 of 132 bytes failed: Запрос ReadProcessMemory или WriteProcessMemory был выполнен только частично. (0x12B)
[0112/232332.405:ERROR:process_memory_win.cc(73)] ReadMemory at 0x19bab670680 of 132 bytes failed: Запрос ReadProcessMemory или WriteProcessMemory был выполнен только частично. (0x12B)
[0112/232332.405:ERROR:process_memory_win.cc(73)] ReadMemory at 0x19bab6707b0 of 132 bytes failed: Запрос ReadProcessMemory или WriteProcessMemory был выполнен только частично. (0x12B)
[0112/232332.405:ERROR:process_memory_win.cc(73)] ReadMemory at 0x19bab6708e0 of 132 bytes failed: Запрос ReadProcessMemory или WriteProcessMemory был выполнен только частично. (0x12B)
[0112/232332.405:ERROR:process_memory_win.cc(73)] ReadMemory at 0x19bab670a10 of 132 bytes failed: Запрос ReadProcessMemory или WriteProcessMemory был выполнен только частично. (0x12B)
[0112/232332.405:ERROR:process_memory_win.cc(73)] ReadMemory at 0x19bab670b40 of 132 bytes failed: Запрос ReadProcessMemory или WriteProcessMemory был выполнен только частично. (0x12B)
[0112/232332.405:ERROR:process_memory_win.cc(73)] ReadMemory at 0x19bab670c70 of 132 bytes failed: Запрос ReadProcessMemory или WriteProcessMemory был выполнен только частично. (0x12B)
[0112/232332.405:ERROR:process_memory_win.cc(73)] ReadMemory at 0x19bab670da0 of 132 bytes failed: Запрос ReadProcessMemory или WriteProcessMemory был выполнен только частично. (0x12B)
[0112/232332.405:ERROR:process_memory_win.cc(73)] ReadMemory at 0x19bab670ed0 of 132 bytes failed: Запрос ReadProcessMemory или WriteProcessMemory был выполнен только частично. (0x12B)
[0112/232332.405:ERROR:process_memory_win.cc(73)] ReadMemory at 0x19bab671000 of 132 bytes failed: Запрос ReadProcessMemory или WriteProcessMemory был выполнен только частично. (0x12B)
[0112/232332.405:ERROR:process_memory_win.cc(73)] ReadMemory at 0x19bab671130 of 132 bytes failed: Запрос ReadProcessMemory или WriteProcessMemory был выполнен только частично. (0x12B)
[0112/232332.405:ERROR:process_memory_win.cc(73)] ReadMemory at 0x19bab671260 of 132 bytes failed: Запрос ReadProcessMemory или WriteProcessMemory был выполнен только частично. (0x12B)
[0112/232332.405:ERROR:process_memory_win.cc(73)] ReadMemory at 0x19bab671390 of 132 bytes failed: Запрос ReadProcessMemory или WriteProcessMemory был выполнен только частично. (0x12B)
[0112/232332.405:ERROR:process_memory_win.cc(73)] ReadMemory at 0x19bab6714c0 of 132 bytes failed: Запрос ReadProcessMemory или WriteProcessMemory был выполнен только частично. (0x12B)
[0112/232332.405:ERROR:process_memory_win.cc(73)] ReadMemory at 0x19bab6715f0 of 132 bytes failed: Запрос ReadProcessMemory или WriteProcessMemory был выполнен только частично. (0x12B)
[0112/232332.405:ERROR:process_memory_win.cc(73)] ReadMemory at 0x19bab671720 of 132 bytes failed: Запрос ReadProcessMemory или WriteProcessMemory был выполнен только частично. (0x12B)
[0112/232332.405:ERROR:process_memory_win.cc(73)] ReadMemory at 0x19bab671850 of 132 bytes failed: Запрос ReadProcessMemory или WriteProcessMemory был выполнен только частично. (0x12B)
[0112/232332.405:ERROR:process_memory_win.cc(73)] ReadMemory at 0x19bab671980 of 132 bytes failed: Запрос ReadProcessMemory или WriteProcessMemory был выполнен только частично. (0x12B)
[0112/232332.405:ERROR:process_memory_win.cc(73)] ReadMemory at 0x19bab671ab0 of 132 bytes failed: Запрос ReadProcessMemory или WriteProcessMemory был выполнен только частично. (0x12B)
[0112/232332.405:ERROR:process_memory_win.cc(73)] ReadMemory at 0x19bab6784c0 of 60 bytes failed: Запрос ReadProcessMemory или WriteProcessMemory был выполнен только частично. (0x12B)
[0112/232332.405:ERROR:process_memory_win.cc(73)] ReadMemory at 0x19bab678510 of 62 bytes failed: Запрос ReadProcessMemory или WriteProcessMemory был выполнен только частично. (0x12B)
[0112/232332.405:ERROR:process_memory_win.cc(73)] ReadMemory at 0x19bab6785b0 of 70 bytes failed: Запрос ReadProcessMemory или WriteProcessMemory был выполнен только частично. (0x12B)
[0112/232332.405:ERROR:process_memory_win.cc(73)] ReadMemory at 0x19bab678600 of 58 bytes failed: Запрос ReadProcessMemory или WriteProcessMemory был выполнен только частично. (0x12B)
[0112/232332.405:ERROR:process_memory_win.cc(73)] ReadMemory at 0x19bab678740 of 58 bytes failed: Запрос ReadProcessMemory или WriteProcessMemory был выполнен только частично. (0x12B)
[0112/232332.405:ERROR:process_memory_win.cc(73)] ReadMemory at 0x19bab678790 of 60 bytes failed: Запрос ReadProcessMemory или WriteProcessMemory был выполнен только частично. (0x12B)
[0112/232332.405:ERROR:process_memory_win.cc(73)] ReadMemory at 0x19bab6789c0 of 62 bytes failed: Запрос ReadProcessMemory или WriteProcessMemory был выполнен только частично. (0x12B)
[0112/232332.405:ERROR:process_memory_win.cc(73)] ReadMemory at 0x19bab678a10 of 66 bytes failed: Запрос ReadProcessMemory или WriteProcessMemory был выполнен только частично. (0x12B)
[0112/232332.405:ERROR:process_memory_win.cc(73)] ReadMemory at 0x19bab678bf0 of 56 bytes failed: Запрос ReadProcessMemory или WriteProcessMemory был выполнен только частично. (0x12B)
[0112/232332.405:ERROR:process_memory_win.cc(73)] ReadMemory at 0x19bab67e230 of 52 bytes failed: Запрос ReadProcessMemory или WriteProcessMemory был выполнен только частично. (0x12B)
[0112/232332.405:ERROR:process_memory_win.cc(73)] ReadMemory at 0x19bab68f170 of 132 bytes failed: Запрос ReadProcessMemory или WriteProcessMemory был выполнен только частично. (0x12B)
[0112/232332.405:ERROR:process_memory_win.cc(73)] ReadMemory at 0x19bab68f3d0 of 132 bytes failed: Запрос ReadProcessMemory или WriteProcessMemory был выполнен только частично. (0x12B)
[0112/232332.405:ERROR:process_memory_win.cc(73)] ReadMemory at 0x19bab68f500 of 132 bytes failed: Запрос ReadProcessMemory или WriteProcessMemory был выполнен только частично. (0x12B)
[0112/232332.405:ERROR:process_memory_win.cc(73)] ReadMemory at 0x19bab68f630 of 132 bytes failed: Запрос ReadProcessMemory или WriteProcessMemory был выполнен только частично. (0x12B)
[0112/232332.420:ERROR:process_memory_win.cc(73)] ReadMemory at 0x19bab68f760 of 132 bytes failed: Запрос ReadProcessMemory или WriteProcessMemory был выполнен только частично. (0x12B)
[0112/232332.420:ERROR:process_memory_win.cc(73)] ReadMemory at 0x19bab68f890 of 132 bytes failed: Запрос ReadProcessMemory или WriteProcessMemory был выполнен только частично. (0x12B)
[0112/232332.420:ERROR:process_memory_win.cc(73)] ReadMemory at 0x19bab68f9c0 of 132 bytes failed: Запрос ReadProcessMemory или WriteProcessMemory был выполнен только частично. (0x12B)
[0112/232332.420:ERROR:process_memory_win.cc(73)] ReadMemory at 0x19bab68faf0 of 132 bytes failed: Запрос ReadProcessMemory или WriteProcessMemory был выполнен только частично. (0x12B)
[0112/232332.420:ERROR:process_memory_win.cc(73)] ReadMemory at 0x19bab68fc20 of 132 bytes failed: Запрос ReadProcessMemory или WriteProcessMemory был выполнен только частично. (0x12B)
[0112/232332.420:ERROR:process_memory_win.cc(73)] ReadMemory at 0x19bab68fd50 of 132 bytes failed: Запрос ReadProcessMemory или WriteProcessMemory был выполнен только частично. (0x12B)
[0112/232332.420:ERROR:process_memory_win.cc(73)] ReadMemory at 0x19bab68fe80 of 132 bytes failed: Запрос ReadProcessMemory или WriteProcessMemory был выполнен только частично. (0x12B)
[0112/232332.420:ERROR:process_memory_win.cc(73)] ReadMemory at 0x19bab68ffb0 of 132 bytes failed: Запрос ReadProcessMemory или WriteProcessMemory был выполнен только частично. (0x12B)
[0112/232332.420:ERROR:process_memory_win.cc(73)] ReadMemory at 0x19bab6900e0 of 132 bytes failed: Запрос ReadProcessMemory или WriteProcessMemory был выполнен только частично. (0x12B)
[0112/232332.420:ERROR:process_memory_win.cc(73)] ReadMemory at 0x19bab690210 of 132 bytes failed: Запрос ReadProcessMemory или WriteProcessMemory был выполнен только частично. (0x12B)
[0112/232332.420:ERROR:process_memory_win.cc(73)] ReadMemory at 0x19bab690340 of 132 bytes failed: Запрос ReadProcessMemory или WriteProcessMemory был выполнен только частично. (0x12B)
[0112/232332.420:ERROR:process_memory_win.cc(73)] ReadMemory at 0x19bab6906d0 of 132 bytes failed: Запрос ReadProcessMemory или WriteProcessMemory был выполнен только частично. (0x12B)
[0112/232332.420:ERROR:process_memory_win.cc(73)] ReadMemory at 0x19bab690930 of 132 bytes failed: Запрос ReadProcessMemory или WriteProcessMemory был выполнен только частично. (0x12B)
[0112/232332.420:ERROR:process_memory_win.cc(73)] ReadMemory at 0x19bab690b90 of 132 bytes failed: Запрос ReadProcessMemory или WriteProcessMemory был выполнен только частично. (0x12B)
[0112/232332.420:ERROR:process_memory_win.cc(73)] ReadMemory at 0x19bab690cc0 of 132 bytes failed: Запрос ReadProcessMemory или WriteProcessMemory был выполнен только частично. (0x12B)
[0112/232332.420:ERROR:process_memory_win.cc(73)] ReadMemory at 0x19bab690df0 of 132 bytes failed: Запрос ReadProcessMemory или WriteProcessMemory был выполнен только частично. (0x12B)
[0112/232332.420:ERROR:process_memory_win.cc(73)] ReadMemory at 0x19bab690f20 of 132 bytes failed: Запрос ReadProcessMemory или WriteProcessMemory был выполнен только частично. (0x12B)
[0112/232332.420:ERROR:process_memory_win.cc(73)] ReadMemory at 0x19bab693850 of 76 bytes failed: Запрос ReadProcessMemory или WriteProcessMemory был выполнен только частично. (0x12B)
[0112/232332.420:ERROR:process_memory_win.cc(73)] ReadMemory at 0x19bab6941f0 of 60 bytes failed: Запрос ReadProcessMemory или WriteProcessMemory был выполнен только частично. (0x12B)
[0112/232332.420:ERROR:process_memory_win.cc(73)] ReadMemory at 0x19bab6943d0 of 68 bytes failed: Запрос ReadProcessMemory или WriteProcessMemory был выполнен только частично. (0x12B)
[0112/232332.420:ERROR:process_memory_win.cc(73)] ReadMemory at 0x19bab694600 of 64 bytes failed: Запрос ReadProcessMemory или WriteProcessMemory был выполнен только частично. (0x12B)
[0112/232332.420:ERROR:process_memory_win.cc(73)] ReadMemory at 0x19bab694740 of 64 bytes failed: Запрос ReadProcessMemory или WriteProcessMemory был выполнен только частично. (0x12B)
[0112/232332.420:ERROR:process_memory_win.cc(73)] ReadMemory at 0x19bab694bf0 of 62 bytes failed: Запрос ReadProcessMemory или WriteProcessMemory был выполнен только частично. (0x12B)
[0112/232332.420:ERROR:process_memory_win.cc(73)] ReadMemory at 0x19bab694c40 of 58 bytes failed: Запрос ReadProcessMemory или WriteProcessMemory был выполнен только частично. (0x12B)
[0112/232332.420:ERROR:process_memory_win.cc(73)] ReadMemory at 0x19bab6953a0 of 126 bytes failed: Запрос ReadProcessMemory или WriteProcessMemory был выполнен только частично. (0x12B)
[0112/232332.420:ERROR:process_memory_win.cc(73)] ReadMemory at 0x19bab6b1690 of 198 bytes failed: Запрос ReadProcessMemory или WriteProcessMemory был выполнен только частично. (0x12B)
[0112/232332.420:ERROR:process_memory_win.cc(73)] ReadMemory at 0x19bab6b1c00 of 60 bytes failed: Запрос ReadProcessMemory или WriteProcessMemory был выполнен только частично. (0x12B)
[0112/232332.420:ERROR:process_memory_win.cc(73)] ReadMemory at 0x19bab6b20b0 of 60 bytes failed: Запрос ReadProcessMemory или WriteProcessMemory был выполнен только частично. (0x12B)
[0112/232332.420:ERROR:process_memory_win.cc(73)] ReadMemory at 0x19bab6b23d0 of 58 bytes failed: Запрос ReadProcessMemory или WriteProcessMemory был выполнен только частично. (0x12B)
[0112/232332.420:ERROR:process_memory_win.cc(73)] ReadMemory at 0x19bab6b2740 of 58 bytes failed: Запрос ReadProcessMemory или WriteProcessMemory был выполнен только частично. (0x12B)
[0112/232332.420:ERROR:process_memory_win.cc(73)] ReadMemory at 0x19bab6dff60 of 186 bytes failed: Запрос ReadProcessMemory или WriteProcessMemory был выполнен только частично. (0x12B)
[0112/232332.420:ERROR:process_memory_win.cc(73)] ReadMemory at 0x19bab6eccb0 of 512 bytes failed: Запрос ReadProcessMemory или WriteProcessMemory был выполнен только частично. (0x12B)
[0112/232332.420:ERROR:process_memory_win.cc(73)] ReadMemory at 0x19bab72ab60 of 64 bytes failed: Запрос ReadProcessMemory или WriteProcessMemory был выполнен только частично. (0x12B)
[0112/232332.420:ERROR:process_memory_win.cc(73)] ReadMemory at 0x19bab72ad90 of 62 bytes failed: Запрос ReadProcessMemory или WriteProcessMemory был выполнен только частично. (0x12B)
[0112/232332.420:ERROR:process_memory_win.cc(73)] ReadMemory at 0x19bab72b420 of 66 bytes failed: Запрос ReadProcessMemory или WriteProcessMemory был выполнен только частично. (0x12B)
[0112/232332.420:ERROR:process_memory_win.cc(73)] ReadMemory at 0x19bab740190 of 198 bytes failed: Запрос ReadProcessMemory или WriteProcessMemory был выполнен только частично. (0x12B)
[0112/232332.420:ERROR:process_memory_win.cc(73)] ReadMemory at 0x19bad179830 of 512 bytes failed: Запрос ReadProcessMemory или WriteProcessMemory был выполнен только частично. (0x12B)
[0112/232332.420:ERROR:process_memory_win.cc(73)] ReadMemory at 0x19bad179ed0 of 512 bytes failed: Запрос ReadProcessMemory или WriteProcessMemory был выполнен только частично. (0x12B)
[0112/232332.420:ERROR:process_memory_win.cc(73)] ReadMemory at 0x19bad17f000 of 512 bytes failed: Запрос ReadProcessMemory или WriteProcessMemory был выполнен только частично. (0x12B)
[0112/232332.420:ERROR:process_memory_win.cc(73)] ReadMemory at 0x19bad188f08 of 512 bytes failed: Запрос ReadProcessMemory или WriteProcessMemory был выполнен только частично. (0x12B)
[0112/232332.420:ERROR:process_memory_win.cc(73)] ReadMemory at 0x19bad19cf50 of 512 bytes failed: Запрос ReadProcessMemory или WriteProcessMemory был выполнен только частично. (0x12B)
[0112/232332.420:ERROR:process_memory_win.cc(73)] ReadMemory at 0x19bad1acf03 of 512 bytes failed: Запрос ReadProcessMemory или WriteProcessMemory был выполнен только частично. (0x12B)
[0112/232332.420:ERROR:process_memory_win.cc(73)] ReadMemory at 0x19bad1ca6a0 of 512 bytes failed: Запрос ReadProcessMemory или WriteProcessMemory был выполнен только частично. (0x12B)
[0112/232332.420:ERROR:process_memory_win.cc(73)] ReadMemory at 0x19bad21a900 of 560 bytes failed: Запрос ReadProcessMemory или WriteProcessMemory был выполнен только частично. (0x12B)
[0112/232332.420:ERROR:process_memory_win.cc(73)] ReadMemory at 0x19bb3d2f610 of 512 bytes failed: Запрос ReadProcessMemory или WriteProcessMemory был выполнен только частично. (0x12B)
[0112/232332.420:ERROR:process_memory_win.cc(73)] ReadMemory at 0x19bb3d317a0 of 512 bytes failed: Запрос ReadProcessMemory или WriteProcessMemory был выполнен только частично. (0x12B)
[0112/232332.420:ERROR:process_memory_win.cc(73)] ReadMemory at 0x19bb3d502f0 of 512 bytes failed: Запрос ReadProcessMemory или WriteProcessMemory был выполнен только частично. (0x12B)
[0112/232332.420:ERROR:process_memory_win.cc(73)] ReadMemory at 0x19bb3d50670 of 512 bytes failed: Запрос ReadProcessMemory или WriteProcessMemory был выполнен только частично. (0x12B)
[0112/232332.420:ERROR:process_memory_win.cc(73)] ReadMemory at 0x19bb3d54070 of 74 bytes failed: Запрос ReadProcessMemory или WriteProcessMemory был выполнен только частично. (0x12B)
[0112/232332.420:ERROR:process_memory_win.cc(73)] ReadMemory at 0x19bb3d78e20 of 512 bytes failed: Запрос ReadProcessMemory или WriteProcessMemory был выполнен только частично. (0x12B)
[0112/232332.420:ERROR:process_memory_win.cc(73)] ReadMemory at 0x19bb3d791a0 of 512 bytes failed: Запрос ReadProcessMemory или WriteProcessMemory был выполнен только частично. (0x12B)
[0112/232332.420:ERROR:process_memory_win.cc(73)] ReadMemory at 0x19bb4334190 of 512 bytes failed: Запрос ReadProcessMemory или WriteProcessMemory был выполнен только частично. (0x12B)
[0112/232332.420:ERROR:process_memory_win.cc(73)] ReadMemory at 0x19bb43d1ed0 of 62 bytes failed: Запрос ReadProcessMemory или WriteProcessMemory был выполнен только частично. (0x12B)
[0112/232332.420:ERROR:process_memory_win.cc(73)] ReadMemory at 0x19bb43d2790 of 62 bytes failed: Запрос ReadProcessMemory или WriteProcessMemory был выполнен только частично. (0x12B)
[0112/232332.420:ERROR:process_memory_win.cc(73)] ReadMemory at 0x19bb4492420 of 132 bytes failed: Запрос ReadProcessMemory или WriteProcessMemory был выполнен только частично. (0x12B)
[0112/232332.420:ERROR:process_memory_win.cc(73)] ReadMemory at 0x19bb4493260 of 132 bytes failed: Запрос ReadProcessMemory или WriteProcessMemory был выполнен только частично. (0x12B)
[0112/232332.420:ERROR:process_memory_win.cc(73)] ReadMemory at 0x19bb4493720 of 132 bytes failed: Запрос ReadProcessMemory или WriteProcessMemory был выполнен только частично. (0x12B)
[0112/232332.420:ERROR:process_memory_win.cc(73)] ReadMemory at 0x19bb44b9110 of 512 bytes failed: Запрос ReadProcessMemory или WriteProcessMemory был выполнен только частично. (0x12B)
[0112/232332.420:ERROR:process_memory_win.cc(73)] ReadMemory at 0x19bb4700000 of 384 bytes failed: Запрос ReadProcessMemory или WriteProcessMemory был выполнен только частично. (0x12B)
[0112/232332.420:ERROR:process_memory_win.cc(73)] ReadMemory at 0x19bb5c17700 of 512 bytes failed: Запрос ReadProcessMemory или WriteProcessMemory был выполнен только частично. (0x12B)
[0112/232332.420:ERROR:process_memory_win.cc(73)] ReadMemory at 0x19bb6a6e440 of 512 bytes failed: Запрос ReadProcessMemory или WriteProcessMemory был выполнен только частично. (0x12B)
[0112/232332.420:ERROR:process_memory_win.cc(73)] ReadMemory at 0x19bb6c87810 of 512 bytes failed: Запрос ReadProcessMemory или WriteProcessMemory был выполнен только частично. (0x12B)
[0112/232332.420:ERROR:process_memory_win.cc(73)] ReadMemory at 0x19bb73d7590 of 512 bytes failed: Запрос ReadProcessMemory или WriteProcessMemory был выполнен только частично. (0x12B)
[0112/232332.420:ERROR:process_memory_win.cc(73)] ReadMemory at 0x19bb9b023d0 of 512 bytes failed: Запрос ReadProcessMemory или WriteProcessMemory был выполнен только частично. (0x12B)
[0112/232332.420:ERROR:process_memory_win.cc(73)] ReadMemory at 0x19bb9b07778 of 512 bytes failed: Запрос ReadProcessMemory или WriteProcessMemory был выполнен только частично. (0x12B)
[0112/232332.420:ERROR:process_memory_win.cc(73)] ReadMemory at 0x19bb9b0c448 of 512 bytes failed: Запрос ReadProcessMemory или WriteProcessMemory был выполнен только частично. (0x12B)
[0112/232332.420:ERROR:process_memory_win.cc(73)] ReadMemory at 0x19bb9bc81c0 of 512 bytes failed: Запрос ReadProcessMemory или WriteProcessMemory был выполнен только частично. (0x12B)
[0112/232332.420:ERROR:process_memory_win.cc(73)] ReadMemory at 0x19bc0b69898 of 520 bytes failed: Запрос ReadProcessMemory или WriteProcessMemory был выполнен только частично. (0x12B)
[0112/232332.420:ERROR:process_memory_win.cc(73)] ReadMemory at 0x7ff9252ed7c2 of 512 bytes failed: Запрос ReadProcessMemory или WriteProcessMemory был выполнен только частично. (0x12B)
[0112/232332.420:ERROR:process_memory_win.cc(73)] ReadMemory at 0x7ff9276152ea of 512 bytes failed: Запрос ReadProcessMemory или WriteProcessMemory был выполнен только частично. (0x12B)
[0112/232332.420:ERROR:process_memory_win.cc(73)] ReadMemory at 0x7ff927d68c58 of 512 bytes failed: Запрос ReadProcessMemory или WriteProcessMemory был выполнен только частично. (0x12B)
[0112/232332.420:ERROR:process_memory_win.cc(73)] ReadMemory at 0x7ff963f20440 of 512 bytes failed: Запрос ReadProcessMemory или WriteProcessMemory был выполнен только частично. (0x12B)
[0112/232332.420:ERROR:process_memory_win.cc(73)] ReadMemory at 0x7ff974735bc4 of 512 bytes failed: Запрос ReadProcessMemory или WriteProcessMemory был выполнен только частично. (0x12B)
[0112/232332.420:ERROR:process_memory_win.cc(73)] ReadMemory at 0x7ff974739a04 of 512 bytes failed: Запрос ReadProcessMemory или WriteProcessMemory был выполнен только частично. (0x12B)
[0112/232332.420:ERROR:process_memory_win.cc(73)] ReadMemory at 0x7ff97556b6d0 of 512 bytes failed: Запрос ReadProcessMemory или WriteProcessMemory был выполнен только частично. (0x12B)
[0112/232332.420:ERROR:process_memory_win.cc(73)] ReadMemory at 0x7ff9764c2370 of 512 bytes failed: Запрос ReadProcessMemory или WriteProcessMemory был выполнен только частично. (0x12B)
[0112/232332.420:ERROR:process_memory_win.cc(73)] ReadMemory at 0x7ff97783c0c4 of 672 bytes failed: Запрос ReadProcessMemory или WriteProcessMemory был выполнен только частично. (0x12B)
[0112/232332.420:ERROR:process_memory_win.cc(73)] ReadMemory at 0x7ff97783c6c4 of 512 bytes failed: Запрос ReadProcessMemory или WriteProcessMemory был выполнен только частично. (0x12B)
[0112/232332.420:ERROR:process_memory_win.cc(73)] ReadMemory at 0x7ff97783f9d4 of 512 bytes failed: Запрос ReadProcessMemory или WriteProcessMemory был выполнен только частично. (0x12B)
[0112/232332.420:ERROR:process_memory_win.cc(73)] ReadMemory at 0x7ff9778cc428 of 18 bytes failed: Запрос ReadProcessMemory или WriteProcessMemory был выполнен только частично. (0x12B)
[0112/232332.420:ERROR:process_memory_win.cc(73)] ReadMemory at 0x7ff9778ff4f8 of 40 bytes failed: Запрос ReadProcessMemory или WriteProcessMemory был выполнен только частично. (0x12B)
[0112/232332.420:ERROR:process_memory_win.cc(73)] ReadMemory at 0x7ff9778ff978 of 48 bytes failed: Запрос ReadProcessMemory или WriteProcessMemory был выполнен только частично. (0x12B)
[0112/232332.420:ERROR:process_memory_win.cc(73)] ReadMemory at 0x7ff9779053c0 of 64 bytes failed: Запрос ReadProcessMemory или WriteProcessMemory был выполнен только частично. (0x12B)
[0112/232332.452:ERROR:scoped_process_suspend.cc(40)] NtResumeProcess: Попытка доступа к процессу, выполняющему процедуру завершения. (0xc000010a)
[0201/234916.046:ERROR:http_transport_win.cc(276)] WinHttpSendRequest: Операция успешно завершена. (0x0)
